Copyright 1986-2019 Xilinx, Inc. All Rights Reserved.
--------------------------------------------------------------------------------------------------------------------------------------------------------
| Tool Version : Vivado v.2019.1 (win64) Build 2552052 Fri May 24 14:49:42 MDT 2019
| Date         : Thu Mar 20 23:38:32 2025
| Host         : DESKTOP-3T5D140 running 64-bit major release  (build 9200)
| Command      : report_methodology -file CPU_tb_methodology_drc_routed.rpt -pb CPU_tb_methodology_drc_routed.pb -rpx CPU_tb_methodology_drc_routed.rpx
| Design       : CPU_tb
| Device       : xc7a35tcpg236-1
| Speed File   : -1
| Design State : Fully Routed
--------------------------------------------------------------------------------------------------------------------------------------------------------

Report Methodology

Table of Contents
-----------------
1. REPORT SUMMARY
2. REPORT DETAILS

1. REPORT SUMMARY
-----------------
            Netlist: netlist
          Floorplan: design_1
      Design limits: <entire design considered>
             Max violations: <unlimited>
             Violations found: 173
+-----------+------------------+--------------------------------------------+------------+
| Rule      | Severity         | Description                                | Violations |
+-----------+------------------+--------------------------------------------+------------+
| TIMING-14 | Critical Warning | LUT on the clock tree                      | 44         |
| SYNTH-6   | Warning          | Timing of a block RAM might be sub-optimal | 1          |
| TIMING-16 | Warning          | Large setup violation                      | 72         |
| TIMING-18 | Warning          | Missing input or output delay              | 16         |
| TIMING-20 | Warning          | Non-clocked latch                          | 40         |
+-----------+------------------+--------------------------------------------+------------+

2. REPORT DETAILS
-----------------
TIMING-14#1 Critical Warning
LUT on the clock tree  
The LUT CPU/i_decode/dcache_block_reg[7][31]_i_2 has been found on the clock tree. Run opt_design to optimize the clock trees, then re-run report_methodology. If LUT(s) are still present in the clock trees, modify the RTL or the synthesis options accordingly to move the clock gating logic to dedicated clock enable resources. Keep in mind that post-opt_design database cannot be used for pin-planning tasks
Related violations: <none>

TIMING-14#2 Critical Warning
LUT on the clock tree  
The LUT CPU/i_decode/n_9_114_BUFG_inst_i_2 has been found on the clock tree. Run opt_design to optimize the clock trees, then re-run report_methodology. If LUT(s) are still present in the clock trees, modify the RTL or the synthesis options accordingly to move the clock gating logic to dedicated clock enable resources. Keep in mind that post-opt_design database cannot be used for pin-planning tasks
Related violations: <none>

TIMING-14#3 Critical Warning
LUT on the clock tree  
The LUT CPU/i_execute/i_/regs_reg_r1_0_15_0_5_i_1 has been found on the clock tree. Run opt_design to optimize the clock trees, then re-run report_methodology. If LUT(s) are still present in the clock trees, modify the RTL or the synthesis options accordingly to move the clock gating logic to dedicated clock enable resources. Keep in mind that post-opt_design database cannot be used for pin-planning tasks
Related violations: <none>

TIMING-14#4 Critical Warning
LUT on the clock tree  
The LUT CPU/i_execute/i_alu/dcache_block_reg[0][31]_i_1 has been found on the clock tree. Run opt_design to optimize the clock trees, then re-run report_methodology. If LUT(s) are still present in the clock trees, modify the RTL or the synthesis options accordingly to move the clock gating logic to dedicated clock enable resources. Keep in mind that post-opt_design database cannot be used for pin-planning tasks
Related violations: <none>

TIMING-14#5 Critical Warning
LUT on the clock tree  
The LUT CPU/i_execute/i_alu/dcache_block_reg[10][31]_i_1 has been found on the clock tree. Run opt_design to optimize the clock trees, then re-run report_methodology. If LUT(s) are still present in the clock trees, modify the RTL or the synthesis options accordingly to move the clock gating logic to dedicated clock enable resources. Keep in mind that post-opt_design database cannot be used for pin-planning tasks
Related violations: <none>

TIMING-14#6 Critical Warning
LUT on the clock tree  
The LUT CPU/i_execute/i_alu/dcache_block_reg[11][31]_i_1 has been found on the clock tree. Run opt_design to optimize the clock trees, then re-run report_methodology. If LUT(s) are still present in the clock trees, modify the RTL or the synthesis options accordingly to move the clock gating logic to dedicated clock enable resources. Keep in mind that post-opt_design database cannot be used for pin-planning tasks
Related violations: <none>

TIMING-14#7 Critical Warning
LUT on the clock tree  
The LUT CPU/i_execute/i_alu/dcache_block_reg[12][31]_i_1 has been found on the clock tree. Run opt_design to optimize the clock trees, then re-run report_methodology. If LUT(s) are still present in the clock trees, modify the RTL or the synthesis options accordingly to move the clock gating logic to dedicated clock enable resources. Keep in mind that post-opt_design database cannot be used for pin-planning tasks
Related violations: <none>

TIMING-14#8 Critical Warning
LUT on the clock tree  
The LUT CPU/i_execute/i_alu/dcache_block_reg[13][31]_i_1 has been found on the clock tree. Run opt_design to optimize the clock trees, then re-run report_methodology. If LUT(s) are still present in the clock trees, modify the RTL or the synthesis options accordingly to move the clock gating logic to dedicated clock enable resources. Keep in mind that post-opt_design database cannot be used for pin-planning tasks
Related violations: <none>

TIMING-14#9 Critical Warning
LUT on the clock tree  
The LUT CPU/i_execute/i_alu/dcache_block_reg[14][31]_i_1 has been found on the clock tree. Run opt_design to optimize the clock trees, then re-run report_methodology. If LUT(s) are still present in the clock trees, modify the RTL or the synthesis options accordingly to move the clock gating logic to dedicated clock enable resources. Keep in mind that post-opt_design database cannot be used for pin-planning tasks
Related violations: <none>

TIMING-14#10 Critical Warning
LUT on the clock tree  
The LUT CPU/i_execute/i_alu/dcache_block_reg[15][31]_i_1 has been found on the clock tree. Run opt_design to optimize the clock trees, then re-run report_methodology. If LUT(s) are still present in the clock trees, modify the RTL or the synthesis options accordingly to move the clock gating logic to dedicated clock enable resources. Keep in mind that post-opt_design database cannot be used for pin-planning tasks
Related violations: <none>

TIMING-14#11 Critical Warning
LUT on the clock tree  
The LUT CPU/i_execute/i_alu/dcache_block_reg[16][31]_i_1 has been found on the clock tree. Run opt_design to optimize the clock trees, then re-run report_methodology. If LUT(s) are still present in the clock trees, modify the RTL or the synthesis options accordingly to move the clock gating logic to dedicated clock enable resources. Keep in mind that post-opt_design database cannot be used for pin-planning tasks
Related violations: <none>

TIMING-14#12 Critical Warning
LUT on the clock tree  
The LUT CPU/i_execute/i_alu/dcache_block_reg[16][31]_i_2 has been found on the clock tree. Run opt_design to optimize the clock trees, then re-run report_methodology. If LUT(s) are still present in the clock trees, modify the RTL or the synthesis options accordingly to move the clock gating logic to dedicated clock enable resources. Keep in mind that post-opt_design database cannot be used for pin-planning tasks
Related violations: <none>

TIMING-14#13 Critical Warning
LUT on the clock tree  
The LUT CPU/i_execute/i_alu/dcache_block_reg[17][31]_i_1 has been found on the clock tree. Run opt_design to optimize the clock trees, then re-run report_methodology. If LUT(s) are still present in the clock trees, modify the RTL or the synthesis options accordingly to move the clock gating logic to dedicated clock enable resources. Keep in mind that post-opt_design database cannot be used for pin-planning tasks
Related violations: <none>

TIMING-14#14 Critical Warning
LUT on the clock tree  
The LUT CPU/i_execute/i_alu/dcache_block_reg[18][31]_i_1 has been found on the clock tree. Run opt_design to optimize the clock trees, then re-run report_methodology. If LUT(s) are still present in the clock trees, modify the RTL or the synthesis options accordingly to move the clock gating logic to dedicated clock enable resources. Keep in mind that post-opt_design database cannot be used for pin-planning tasks
Related violations: <none>

TIMING-14#15 Critical Warning
LUT on the clock tree  
The LUT CPU/i_execute/i_alu/dcache_block_reg[19][31]_i_1 has been found on the clock tree. Run opt_design to optimize the clock trees, then re-run report_methodology. If LUT(s) are still present in the clock trees, modify the RTL or the synthesis options accordingly to move the clock gating logic to dedicated clock enable resources. Keep in mind that post-opt_design database cannot be used for pin-planning tasks
Related violations: <none>

TIMING-14#16 Critical Warning
LUT on the clock tree  
The LUT CPU/i_execute/i_alu/dcache_block_reg[1][31]_i_1 has been found on the clock tree. Run opt_design to optimize the clock trees, then re-run report_methodology. If LUT(s) are still present in the clock trees, modify the RTL or the synthesis options accordingly to move the clock gating logic to dedicated clock enable resources. Keep in mind that post-opt_design database cannot be used for pin-planning tasks
Related violations: <none>

TIMING-14#17 Critical Warning
LUT on the clock tree  
The LUT CPU/i_execute/i_alu/dcache_block_reg[20][31]_i_1 has been found on the clock tree. Run opt_design to optimize the clock trees, then re-run report_methodology. If LUT(s) are still present in the clock trees, modify the RTL or the synthesis options accordingly to move the clock gating logic to dedicated clock enable resources. Keep in mind that post-opt_design database cannot be used for pin-planning tasks
Related violations: <none>

TIMING-14#18 Critical Warning
LUT on the clock tree  
The LUT CPU/i_execute/i_alu/dcache_block_reg[20][31]_i_3 has been found on the clock tree. Run opt_design to optimize the clock trees, then re-run report_methodology. If LUT(s) are still present in the clock trees, modify the RTL or the synthesis options accordingly to move the clock gating logic to dedicated clock enable resources. Keep in mind that post-opt_design database cannot be used for pin-planning tasks
Related violations: <none>

TIMING-14#19 Critical Warning
LUT on the clock tree  
The LUT CPU/i_execute/i_alu/dcache_block_reg[21][31]_i_1 has been found on the clock tree. Run opt_design to optimize the clock trees, then re-run report_methodology. If LUT(s) are still present in the clock trees, modify the RTL or the synthesis options accordingly to move the clock gating logic to dedicated clock enable resources. Keep in mind that post-opt_design database cannot be used for pin-planning tasks
Related violations: <none>

TIMING-14#20 Critical Warning
LUT on the clock tree  
The LUT CPU/i_execute/i_alu/dcache_block_reg[22][31]_i_1 has been found on the clock tree. Run opt_design to optimize the clock trees, then re-run report_methodology. If LUT(s) are still present in the clock trees, modify the RTL or the synthesis options accordingly to move the clock gating logic to dedicated clock enable resources. Keep in mind that post-opt_design database cannot be used for pin-planning tasks
Related violations: <none>

TIMING-14#21 Critical Warning
LUT on the clock tree  
The LUT CPU/i_execute/i_alu/dcache_block_reg[2][31]_i_1 has been found on the clock tree. Run opt_design to optimize the clock trees, then re-run report_methodology. If LUT(s) are still present in the clock trees, modify the RTL or the synthesis options accordingly to move the clock gating logic to dedicated clock enable resources. Keep in mind that post-opt_design database cannot be used for pin-planning tasks
Related violations: <none>

TIMING-14#22 Critical Warning
LUT on the clock tree  
The LUT CPU/i_execute/i_alu/dcache_block_reg[3][31]_i_1 has been found on the clock tree. Run opt_design to optimize the clock trees, then re-run report_methodology. If LUT(s) are still present in the clock trees, modify the RTL or the synthesis options accordingly to move the clock gating logic to dedicated clock enable resources. Keep in mind that post-opt_design database cannot be used for pin-planning tasks
Related violations: <none>

TIMING-14#23 Critical Warning
LUT on the clock tree  
The LUT CPU/i_execute/i_alu/dcache_block_reg[4][31]_i_1 has been found on the clock tree. Run opt_design to optimize the clock trees, then re-run report_methodology. If LUT(s) are still present in the clock trees, modify the RTL or the synthesis options accordingly to move the clock gating logic to dedicated clock enable resources. Keep in mind that post-opt_design database cannot be used for pin-planning tasks
Related violations: <none>

TIMING-14#24 Critical Warning
LUT on the clock tree  
The LUT CPU/i_execute/i_alu/dcache_block_reg[5][31]_i_1 has been found on the clock tree. Run opt_design to optimize the clock trees, then re-run report_methodology. If LUT(s) are still present in the clock trees, modify the RTL or the synthesis options accordingly to move the clock gating logic to dedicated clock enable resources. Keep in mind that post-opt_design database cannot be used for pin-planning tasks
Related violations: <none>

TIMING-14#25 Critical Warning
LUT on the clock tree  
The LUT CPU/i_execute/i_alu/dcache_block_reg[6][31]_i_1 has been found on the clock tree. Run opt_design to optimize the clock trees, then re-run report_methodology. If LUT(s) are still present in the clock trees, modify the RTL or the synthesis options accordingly to move the clock gating logic to dedicated clock enable resources. Keep in mind that post-opt_design database cannot be used for pin-planning tasks
Related violations: <none>

TIMING-14#26 Critical Warning
LUT on the clock tree  
The LUT CPU/i_execute/i_alu/dcache_block_reg[7][31]_i_1 has been found on the clock tree. Run opt_design to optimize the clock trees, then re-run report_methodology. If LUT(s) are still present in the clock trees, modify the RTL or the synthesis options accordingly to move the clock gating logic to dedicated clock enable resources. Keep in mind that post-opt_design database cannot be used for pin-planning tasks
Related violations: <none>

TIMING-14#27 Critical Warning
LUT on the clock tree  
The LUT CPU/i_execute/i_alu/dcache_block_reg[8][31]_i_1 has been found on the clock tree. Run opt_design to optimize the clock trees, then re-run report_methodology. If LUT(s) are still present in the clock trees, modify the RTL or the synthesis options accordingly to move the clock gating logic to dedicated clock enable resources. Keep in mind that post-opt_design database cannot be used for pin-planning tasks
Related violations: <none>

TIMING-14#28 Critical Warning
LUT on the clock tree  
The LUT CPU/i_execute/i_alu/dcache_block_reg[8][31]_i_2 has been found on the clock tree. Run opt_design to optimize the clock trees, then re-run report_methodology. If LUT(s) are still present in the clock trees, modify the RTL or the synthesis options accordingly to move the clock gating logic to dedicated clock enable resources. Keep in mind that post-opt_design database cannot be used for pin-planning tasks
Related violations: <none>

TIMING-14#29 Critical Warning
LUT on the clock tree  
The LUT CPU/i_execute/i_alu/dcache_block_reg[9][31]_i_1 has been found on the clock tree. Run opt_design to optimize the clock trees, then re-run report_methodology. If LUT(s) are still present in the clock trees, modify the RTL or the synthesis options accordingly to move the clock gating logic to dedicated clock enable resources. Keep in mind that post-opt_design database cannot be used for pin-planning tasks
Related violations: <none>

TIMING-14#30 Critical Warning
LUT on the clock tree  
The LUT CPU/i_execute/i_alu/n_1_115_BUFG_inst_i_1 has been found on the clock tree. Run opt_design to optimize the clock trees, then re-run report_methodology. If LUT(s) are still present in the clock trees, modify the RTL or the synthesis options accordingly to move the clock gating logic to dedicated clock enable resources. Keep in mind that post-opt_design database cannot be used for pin-planning tasks
Related violations: <none>

TIMING-14#31 Critical Warning
LUT on the clock tree  
The LUT CPU/i_execute/i_alu/n_2_96_BUFG_inst_i_1 has been found on the clock tree. Run opt_design to optimize the clock trees, then re-run report_methodology. If LUT(s) are still present in the clock trees, modify the RTL or the synthesis options accordingly to move the clock gating logic to dedicated clock enable resources. Keep in mind that post-opt_design database cannot be used for pin-planning tasks
Related violations: <none>

TIMING-14#32 Critical Warning
LUT on the clock tree  
The LUT CPU/i_execute/i_alu/n_3_105_BUFG_inst_i_1 has been found on the clock tree. Run opt_design to optimize the clock trees, then re-run report_methodology. If LUT(s) are still present in the clock trees, modify the RTL or the synthesis options accordingly to move the clock gating logic to dedicated clock enable resources. Keep in mind that post-opt_design database cannot be used for pin-planning tasks
Related violations: <none>

TIMING-14#33 Critical Warning
LUT on the clock tree  
The LUT CPU/i_execute/i_alu/n_3_105_BUFG_inst_i_2 has been found on the clock tree. Run opt_design to optimize the clock trees, then re-run report_methodology. If LUT(s) are still present in the clock trees, modify the RTL or the synthesis options accordingly to move the clock gating logic to dedicated clock enable resources. Keep in mind that post-opt_design database cannot be used for pin-planning tasks
Related violations: <none>

TIMING-14#34 Critical Warning
LUT on the clock tree  
The LUT CPU/i_execute/i_alu/n_4_102_BUFG_inst_i_1 has been found on the clock tree. Run opt_design to optimize the clock trees, then re-run report_methodology. If LUT(s) are still present in the clock trees, modify the RTL or the synthesis options accordingly to move the clock gating logic to dedicated clock enable resources. Keep in mind that post-opt_design database cannot be used for pin-planning tasks
Related violations: <none>

TIMING-14#35 Critical Warning
LUT on the clock tree  
The LUT CPU/i_execute/i_alu/n_5_119_BUFG_inst_i_1 has been found on the clock tree. Run opt_design to optimize the clock trees, then re-run report_methodology. If LUT(s) are still present in the clock trees, modify the RTL or the synthesis options accordingly to move the clock gating logic to dedicated clock enable resources. Keep in mind that post-opt_design database cannot be used for pin-planning tasks
Related violations: <none>

TIMING-14#36 Critical Warning
LUT on the clock tree  
The LUT CPU/i_execute/i_alu/n_6_100_BUFG_inst_i_1 has been found on the clock tree. Run opt_design to optimize the clock trees, then re-run report_methodology. If LUT(s) are still present in the clock trees, modify the RTL or the synthesis options accordingly to move the clock gating logic to dedicated clock enable resources. Keep in mind that post-opt_design database cannot be used for pin-planning tasks
Related violations: <none>

TIMING-14#37 Critical Warning
LUT on the clock tree  
The LUT CPU/i_execute/i_alu/n_7_123_BUFG_inst_i_1 has been found on the clock tree. Run opt_design to optimize the clock trees, then re-run report_methodology. If LUT(s) are still present in the clock trees, modify the RTL or the synthesis options accordingly to move the clock gating logic to dedicated clock enable resources. Keep in mind that post-opt_design database cannot be used for pin-planning tasks
Related violations: <none>

TIMING-14#38 Critical Warning
LUT on the clock tree  
The LUT CPU/i_execute/i_alu/n_8_104_BUFG_inst_i_1 has been found on the clock tree. Run opt_design to optimize the clock trees, then re-run report_methodology. If LUT(s) are still present in the clock trees, modify the RTL or the synthesis options accordingly to move the clock gating logic to dedicated clock enable resources. Keep in mind that post-opt_design database cannot be used for pin-planning tasks
Related violations: <none>

TIMING-14#39 Critical Warning
LUT on the clock tree  
The LUT CPU/i_execute/i_alu/n_8_104_BUFG_inst_i_2 has been found on the clock tree. Run opt_design to optimize the clock trees, then re-run report_methodology. If LUT(s) are still present in the clock trees, modify the RTL or the synthesis options accordingly to move the clock gating logic to dedicated clock enable resources. Keep in mind that post-opt_design database cannot be used for pin-planning tasks
Related violations: <none>

TIMING-14#40 Critical Warning
LUT on the clock tree  
The LUT CPU/i_execute/i_alu/n_9_114_BUFG_inst_i_1 has been found on the clock tree. Run opt_design to optimize the clock trees, then re-run report_methodology. If LUT(s) are still present in the clock trees, modify the RTL or the synthesis options accordingly to move the clock gating logic to dedicated clock enable resources. Keep in mind that post-opt_design database cannot be used for pin-planning tasks
Related violations: <none>

TIMING-14#41 Critical Warning
LUT on the clock tree  
The LUT CPU/i_execute/i_dcache/data_out_reg[31]_i_2 has been found on the clock tree. Run opt_design to optimize the clock trees, then re-run report_methodology. If LUT(s) are still present in the clock trees, modify the RTL or the synthesis options accordingly to move the clock gating logic to dedicated clock enable resources. Keep in mind that post-opt_design database cannot be used for pin-planning tasks
Related violations: <none>

TIMING-14#42 Critical Warning
LUT on the clock tree  
The LUT CPU/i_execute/i_dcache/data_out_reg[31]_i_5 has been found on the clock tree. Run opt_design to optimize the clock trees, then re-run report_methodology. If LUT(s) are still present in the clock trees, modify the RTL or the synthesis options accordingly to move the clock gating logic to dedicated clock enable resources. Keep in mind that post-opt_design database cannot be used for pin-planning tasks
Related violations: <none>

TIMING-14#43 Critical Warning
LUT on the clock tree  
The LUT CPU/i_execute/i_dcache/dcache_block_reg[17][31]_i_2 has been found on the clock tree. Run opt_design to optimize the clock trees, then re-run report_methodology. If LUT(s) are still present in the clock trees, modify the RTL or the synthesis options accordingly to move the clock gating logic to dedicated clock enable resources. Keep in mind that post-opt_design database cannot be used for pin-planning tasks
Related violations: <none>

TIMING-14#44 Critical Warning
LUT on the clock tree  
The LUT CPU/i_execute/i_dcache/last_clock_state_reg_i_2 has been found on the clock tree. Run opt_design to optimize the clock trees, then re-run report_methodology. If LUT(s) are still present in the clock trees, modify the RTL or the synthesis options accordingly to move the clock gating logic to dedicated clock enable resources. Keep in mind that post-opt_design database cannot be used for pin-planning tasks
Related violations: <none>

SYNTH-6#1 Warning
Timing of a block RAM might be sub-optimal  
The timing for the instance CPU/i_icache/instructions_reg, implemented as a block RAM, might be sub-optimal as no output register was merged into the block
Related violations: <none>

TIMING-16#1 Warning
Large setup violation  
There is a large setup violation of -1.008 ns between CPU/i_execute/i_bcc/do_branch_reg/C (clocked by sys_clk_pin) and CPU/i_execute/i_regs/regs_reg_r2_0_15_30_31/RAMA/WE (clocked by sys_clk_pin). Large setup violations at the end of those stages might be difficult to fix during the post-placement implementation flow and could be the result of non-optimal XDC constraints or non-optimal design architecture
Related violations: <none>

TIMING-16#2 Warning
Large setup violation  
There is a large setup violation of -1.008 ns between CPU/i_execute/i_bcc/do_branch_reg/C (clocked by sys_clk_pin) and CPU/i_execute/i_regs/regs_reg_r2_0_15_30_31/RAMA_D1/WE (clocked by sys_clk_pin). Large setup violations at the end of those stages might be difficult to fix during the post-placement implementation flow and could be the result of non-optimal XDC constraints or non-optimal design architecture
Related violations: <none>

TIMING-16#3 Warning
Large setup violation  
There is a large setup violation of -1.008 ns between CPU/i_execute/i_bcc/do_branch_reg/C (clocked by sys_clk_pin) and CPU/i_execute/i_regs/regs_reg_r2_0_15_30_31/RAMB/WE (clocked by sys_clk_pin). Large setup violations at the end of those stages might be difficult to fix during the post-placement implementation flow and could be the result of non-optimal XDC constraints or non-optimal design architecture
Related violations: <none>

TIMING-16#4 Warning
Large setup violation  
There is a large setup violation of -1.008 ns between CPU/i_execute/i_bcc/do_branch_reg/C (clocked by sys_clk_pin) and CPU/i_execute/i_regs/regs_reg_r2_0_15_30_31/RAMB_D1/WE (clocked by sys_clk_pin). Large setup violations at the end of those stages might be difficult to fix during the post-placement implementation flow and could be the result of non-optimal XDC constraints or non-optimal design architecture
Related violations: <none>

TIMING-16#5 Warning
Large setup violation  
There is a large setup violation of -1.008 ns between CPU/i_execute/i_bcc/do_branch_reg/C (clocked by sys_clk_pin) and CPU/i_execute/i_regs/regs_reg_r2_0_15_30_31/RAMC/WE (clocked by sys_clk_pin). Large setup violations at the end of those stages might be difficult to fix during the post-placement implementation flow and could be the result of non-optimal XDC constraints or non-optimal design architecture
Related violations: <none>

TIMING-16#6 Warning
Large setup violation  
There is a large setup violation of -1.008 ns between CPU/i_execute/i_bcc/do_branch_reg/C (clocked by sys_clk_pin) and CPU/i_execute/i_regs/regs_reg_r2_0_15_30_31/RAMC_D1/WE (clocked by sys_clk_pin). Large setup violations at the end of those stages might be difficult to fix during the post-placement implementation flow and could be the result of non-optimal XDC constraints or non-optimal design architecture
Related violations: <none>

TIMING-16#7 Warning
Large setup violation  
There is a large setup violation of -1.008 ns between CPU/i_execute/i_bcc/do_branch_reg/C (clocked by sys_clk_pin) and CPU/i_execute/i_regs/regs_reg_r2_0_15_30_31/RAMD/WE (clocked by sys_clk_pin). Large setup violations at the end of those stages might be difficult to fix during the post-placement implementation flow and could be the result of non-optimal XDC constraints or non-optimal design architecture
Related violations: <none>

TIMING-16#8 Warning
Large setup violation  
There is a large setup violation of -1.008 ns between CPU/i_execute/i_bcc/do_branch_reg/C (clocked by sys_clk_pin) and CPU/i_execute/i_regs/regs_reg_r2_0_15_30_31/RAMD_D1/WE (clocked by sys_clk_pin). Large setup violations at the end of those stages might be difficult to fix during the post-placement implementation flow and could be the result of non-optimal XDC constraints or non-optimal design architecture
Related violations: <none>

TIMING-16#9 Warning
Large setup violation  
There is a large setup violation of -1.059 ns between CPU/i_execute/i_bcc/do_branch_reg/C (clocked by sys_clk_pin) and CPU/i_execute/i_regs/regs_reg_r2_0_15_6_11/RAMA/WE (clocked by sys_clk_pin). Large setup violations at the end of those stages might be difficult to fix during the post-placement implementation flow and could be the result of non-optimal XDC constraints or non-optimal design architecture
Related violations: <none>

TIMING-16#10 Warning
Large setup violation  
There is a large setup violation of -1.059 ns between CPU/i_execute/i_bcc/do_branch_reg/C (clocked by sys_clk_pin) and CPU/i_execute/i_regs/regs_reg_r2_0_15_6_11/RAMA_D1/WE (clocked by sys_clk_pin). Large setup violations at the end of those stages might be difficult to fix during the post-placement implementation flow and could be the result of non-optimal XDC constraints or non-optimal design architecture
Related violations: <none>

TIMING-16#11 Warning
Large setup violation  
There is a large setup violation of -1.059 ns between CPU/i_execute/i_bcc/do_branch_reg/C (clocked by sys_clk_pin) and CPU/i_execute/i_regs/regs_reg_r2_0_15_6_11/RAMB/WE (clocked by sys_clk_pin). Large setup violations at the end of those stages might be difficult to fix during the post-placement implementation flow and could be the result of non-optimal XDC constraints or non-optimal design architecture
Related violations: <none>

TIMING-16#12 Warning
Large setup violation  
There is a large setup violation of -1.059 ns between CPU/i_execute/i_bcc/do_branch_reg/C (clocked by sys_clk_pin) and CPU/i_execute/i_regs/regs_reg_r2_0_15_6_11/RAMB_D1/WE (clocked by sys_clk_pin). Large setup violations at the end of those stages might be difficult to fix during the post-placement implementation flow and could be the result of non-optimal XDC constraints or non-optimal design architecture
Related violations: <none>

TIMING-16#13 Warning
Large setup violation  
There is a large setup violation of -1.059 ns between CPU/i_execute/i_bcc/do_branch_reg/C (clocked by sys_clk_pin) and CPU/i_execute/i_regs/regs_reg_r2_0_15_6_11/RAMC/WE (clocked by sys_clk_pin). Large setup violations at the end of those stages might be difficult to fix during the post-placement implementation flow and could be the result of non-optimal XDC constraints or non-optimal design architecture
Related violations: <none>

TIMING-16#14 Warning
Large setup violation  
There is a large setup violation of -1.059 ns between CPU/i_execute/i_bcc/do_branch_reg/C (clocked by sys_clk_pin) and CPU/i_execute/i_regs/regs_reg_r2_0_15_6_11/RAMC_D1/WE (clocked by sys_clk_pin). Large setup violations at the end of those stages might be difficult to fix during the post-placement implementation flow and could be the result of non-optimal XDC constraints or non-optimal design architecture
Related violations: <none>

TIMING-16#15 Warning
Large setup violation  
There is a large setup violation of -1.059 ns between CPU/i_execute/i_bcc/do_branch_reg/C (clocked by sys_clk_pin) and CPU/i_execute/i_regs/regs_reg_r2_0_15_6_11/RAMD/WE (clocked by sys_clk_pin). Large setup violations at the end of those stages might be difficult to fix during the post-placement implementation flow and could be the result of non-optimal XDC constraints or non-optimal design architecture
Related violations: <none>

TIMING-16#16 Warning
Large setup violation  
There is a large setup violation of -1.059 ns between CPU/i_execute/i_bcc/do_branch_reg/C (clocked by sys_clk_pin) and CPU/i_execute/i_regs/regs_reg_r2_0_15_6_11/RAMD_D1/WE (clocked by sys_clk_pin). Large setup violations at the end of those stages might be difficult to fix during the post-placement implementation flow and could be the result of non-optimal XDC constraints or non-optimal design architecture
Related violations: <none>

TIMING-16#17 Warning
Large setup violation  
There is a large setup violation of -1.143 ns between CPU/i_execute/i_bcc/do_branch_reg/C (clocked by sys_clk_pin) and CPU/i_execute/i_regs/regs_reg_r1_0_15_18_23/RAMA/WE (clocked by sys_clk_pin). Large setup violations at the end of those stages might be difficult to fix during the post-placement implementation flow and could be the result of non-optimal XDC constraints or non-optimal design architecture
Related violations: <none>

TIMING-16#18 Warning
Large setup violation  
There is a large setup violation of -1.143 ns between CPU/i_execute/i_bcc/do_branch_reg/C (clocked by sys_clk_pin) and CPU/i_execute/i_regs/regs_reg_r1_0_15_18_23/RAMA_D1/WE (clocked by sys_clk_pin). Large setup violations at the end of those stages might be difficult to fix during the post-placement implementation flow and could be the result of non-optimal XDC constraints or non-optimal design architecture
Related violations: <none>

TIMING-16#19 Warning
Large setup violation  
There is a large setup violation of -1.143 ns between CPU/i_execute/i_bcc/do_branch_reg/C (clocked by sys_clk_pin) and CPU/i_execute/i_regs/regs_reg_r1_0_15_18_23/RAMB/WE (clocked by sys_clk_pin). Large setup violations at the end of those stages might be difficult to fix during the post-placement implementation flow and could be the result of non-optimal XDC constraints or non-optimal design architecture
Related violations: <none>

TIMING-16#20 Warning
Large setup violation  
There is a large setup violation of -1.143 ns between CPU/i_execute/i_bcc/do_branch_reg/C (clocked by sys_clk_pin) and CPU/i_execute/i_regs/regs_reg_r1_0_15_18_23/RAMB_D1/WE (clocked by sys_clk_pin). Large setup violations at the end of those stages might be difficult to fix during the post-placement implementation flow and could be the result of non-optimal XDC constraints or non-optimal design architecture
Related violations: <none>

TIMING-16#21 Warning
Large setup violation  
There is a large setup violation of -1.143 ns between CPU/i_execute/i_bcc/do_branch_reg/C (clocked by sys_clk_pin) and CPU/i_execute/i_regs/regs_reg_r1_0_15_18_23/RAMC/WE (clocked by sys_clk_pin). Large setup violations at the end of those stages might be difficult to fix during the post-placement implementation flow and could be the result of non-optimal XDC constraints or non-optimal design architecture
Related violations: <none>

TIMING-16#22 Warning
Large setup violation  
There is a large setup violation of -1.143 ns between CPU/i_execute/i_bcc/do_branch_reg/C (clocked by sys_clk_pin) and CPU/i_execute/i_regs/regs_reg_r1_0_15_18_23/RAMC_D1/WE (clocked by sys_clk_pin). Large setup violations at the end of those stages might be difficult to fix during the post-placement implementation flow and could be the result of non-optimal XDC constraints or non-optimal design architecture
Related violations: <none>

TIMING-16#23 Warning
Large setup violation  
There is a large setup violation of -1.143 ns between CPU/i_execute/i_bcc/do_branch_reg/C (clocked by sys_clk_pin) and CPU/i_execute/i_regs/regs_reg_r1_0_15_18_23/RAMD/WE (clocked by sys_clk_pin). Large setup violations at the end of those stages might be difficult to fix during the post-placement implementation flow and could be the result of non-optimal XDC constraints or non-optimal design architecture
Related violations: <none>

TIMING-16#24 Warning
Large setup violation  
There is a large setup violation of -1.143 ns between CPU/i_execute/i_bcc/do_branch_reg/C (clocked by sys_clk_pin) and CPU/i_execute/i_regs/regs_reg_r1_0_15_18_23/RAMD_D1/WE (clocked by sys_clk_pin). Large setup violations at the end of those stages might be difficult to fix during the post-placement implementation flow and could be the result of non-optimal XDC constraints or non-optimal design architecture
Related violations: <none>

TIMING-16#25 Warning
Large setup violation  
There is a large setup violation of -1.156 ns between CPU/i_execute/i_bcc/do_branch_reg/C (clocked by sys_clk_pin) and CPU/i_execute/i_regs/regs_reg_r2_0_15_18_23/RAMA/WE (clocked by sys_clk_pin). Large setup violations at the end of those stages might be difficult to fix during the post-placement implementation flow and could be the result of non-optimal XDC constraints or non-optimal design architecture
Related violations: <none>

TIMING-16#26 Warning
Large setup violation  
There is a large setup violation of -1.156 ns between CPU/i_execute/i_bcc/do_branch_reg/C (clocked by sys_clk_pin) and CPU/i_execute/i_regs/regs_reg_r2_0_15_18_23/RAMA_D1/WE (clocked by sys_clk_pin). Large setup violations at the end of those stages might be difficult to fix during the post-placement implementation flow and could be the result of non-optimal XDC constraints or non-optimal design architecture
Related violations: <none>

TIMING-16#27 Warning
Large setup violation  
There is a large setup violation of -1.156 ns between CPU/i_execute/i_bcc/do_branch_reg/C (clocked by sys_clk_pin) and CPU/i_execute/i_regs/regs_reg_r2_0_15_18_23/RAMB/WE (clocked by sys_clk_pin). Large setup violations at the end of those stages might be difficult to fix during the post-placement implementation flow and could be the result of non-optimal XDC constraints or non-optimal design architecture
Related violations: <none>

TIMING-16#28 Warning
Large setup violation  
There is a large setup violation of -1.156 ns between CPU/i_execute/i_bcc/do_branch_reg/C (clocked by sys_clk_pin) and CPU/i_execute/i_regs/regs_reg_r2_0_15_18_23/RAMB_D1/WE (clocked by sys_clk_pin). Large setup violations at the end of those stages might be difficult to fix during the post-placement implementation flow and could be the result of non-optimal XDC constraints or non-optimal design architecture
Related violations: <none>

TIMING-16#29 Warning
Large setup violation  
There is a large setup violation of -1.156 ns between CPU/i_execute/i_bcc/do_branch_reg/C (clocked by sys_clk_pin) and CPU/i_execute/i_regs/regs_reg_r2_0_15_18_23/RAMC/WE (clocked by sys_clk_pin). Large setup violations at the end of those stages might be difficult to fix during the post-placement implementation flow and could be the result of non-optimal XDC constraints or non-optimal design architecture
Related violations: <none>

TIMING-16#30 Warning
Large setup violation  
There is a large setup violation of -1.156 ns between CPU/i_execute/i_bcc/do_branch_reg/C (clocked by sys_clk_pin) and CPU/i_execute/i_regs/regs_reg_r2_0_15_18_23/RAMC_D1/WE (clocked by sys_clk_pin). Large setup violations at the end of those stages might be difficult to fix during the post-placement implementation flow and could be the result of non-optimal XDC constraints or non-optimal design architecture
Related violations: <none>

TIMING-16#31 Warning
Large setup violation  
There is a large setup violation of -1.156 ns between CPU/i_execute/i_bcc/do_branch_reg/C (clocked by sys_clk_pin) and CPU/i_execute/i_regs/regs_reg_r2_0_15_18_23/RAMD/WE (clocked by sys_clk_pin). Large setup violations at the end of those stages might be difficult to fix during the post-placement implementation flow and could be the result of non-optimal XDC constraints or non-optimal design architecture
Related violations: <none>

TIMING-16#32 Warning
Large setup violation  
There is a large setup violation of -1.156 ns between CPU/i_execute/i_bcc/do_branch_reg/C (clocked by sys_clk_pin) and CPU/i_execute/i_regs/regs_reg_r2_0_15_18_23/RAMD_D1/WE (clocked by sys_clk_pin). Large setup violations at the end of those stages might be difficult to fix during the post-placement implementation flow and could be the result of non-optimal XDC constraints or non-optimal design architecture
Related violations: <none>

TIMING-16#33 Warning
Large setup violation  
There is a large setup violation of -1.165 ns between CPU/i_execute/i_bcc/do_branch_reg/C (clocked by sys_clk_pin) and CPU/i_execute/i_regs/regs_reg_r1_0_15_30_31/RAMA/WE (clocked by sys_clk_pin). Large setup violations at the end of those stages might be difficult to fix during the post-placement implementation flow and could be the result of non-optimal XDC constraints or non-optimal design architecture
Related violations: <none>

TIMING-16#34 Warning
Large setup violation  
There is a large setup violation of -1.165 ns between CPU/i_execute/i_bcc/do_branch_reg/C (clocked by sys_clk_pin) and CPU/i_execute/i_regs/regs_reg_r1_0_15_30_31/RAMA_D1/WE (clocked by sys_clk_pin). Large setup violations at the end of those stages might be difficult to fix during the post-placement implementation flow and could be the result of non-optimal XDC constraints or non-optimal design architecture
Related violations: <none>

TIMING-16#35 Warning
Large setup violation  
There is a large setup violation of -1.165 ns between CPU/i_execute/i_bcc/do_branch_reg/C (clocked by sys_clk_pin) and CPU/i_execute/i_regs/regs_reg_r1_0_15_30_31/RAMB/WE (clocked by sys_clk_pin). Large setup violations at the end of those stages might be difficult to fix during the post-placement implementation flow and could be the result of non-optimal XDC constraints or non-optimal design architecture
Related violations: <none>

TIMING-16#36 Warning
Large setup violation  
There is a large setup violation of -1.165 ns between CPU/i_execute/i_bcc/do_branch_reg/C (clocked by sys_clk_pin) and CPU/i_execute/i_regs/regs_reg_r1_0_15_30_31/RAMB_D1/WE (clocked by sys_clk_pin). Large setup violations at the end of those stages might be difficult to fix during the post-placement implementation flow and could be the result of non-optimal XDC constraints or non-optimal design architecture
Related violations: <none>

TIMING-16#37 Warning
Large setup violation  
There is a large setup violation of -1.165 ns between CPU/i_execute/i_bcc/do_branch_reg/C (clocked by sys_clk_pin) and CPU/i_execute/i_regs/regs_reg_r1_0_15_30_31/RAMC/WE (clocked by sys_clk_pin). Large setup violations at the end of those stages might be difficult to fix during the post-placement implementation flow and could be the result of non-optimal XDC constraints or non-optimal design architecture
Related violations: <none>

TIMING-16#38 Warning
Large setup violation  
There is a large setup violation of -1.165 ns between CPU/i_execute/i_bcc/do_branch_reg/C (clocked by sys_clk_pin) and CPU/i_execute/i_regs/regs_reg_r1_0_15_30_31/RAMC_D1/WE (clocked by sys_clk_pin). Large setup violations at the end of those stages might be difficult to fix during the post-placement implementation flow and could be the result of non-optimal XDC constraints or non-optimal design architecture
Related violations: <none>

TIMING-16#39 Warning
Large setup violation  
There is a large setup violation of -1.165 ns between CPU/i_execute/i_bcc/do_branch_reg/C (clocked by sys_clk_pin) and CPU/i_execute/i_regs/regs_reg_r1_0_15_30_31/RAMD/WE (clocked by sys_clk_pin). Large setup violations at the end of those stages might be difficult to fix during the post-placement implementation flow and could be the result of non-optimal XDC constraints or non-optimal design architecture
Related violations: <none>

TIMING-16#40 Warning
Large setup violation  
There is a large setup violation of -1.165 ns between CPU/i_execute/i_bcc/do_branch_reg/C (clocked by sys_clk_pin) and CPU/i_execute/i_regs/regs_reg_r1_0_15_30_31/RAMD_D1/WE (clocked by sys_clk_pin). Large setup violations at the end of those stages might be difficult to fix during the post-placement implementation flow and could be the result of non-optimal XDC constraints or non-optimal design architecture
Related violations: <none>

TIMING-16#41 Warning
Large setup violation  
There is a large setup violation of -1.177 ns between CPU/i_execute/i_bcc/do_branch_reg/C (clocked by sys_clk_pin) and CPU/i_execute/i_regs/regs_reg_r1_0_15_12_17/RAMA/WE (clocked by sys_clk_pin). Large setup violations at the end of those stages might be difficult to fix during the post-placement implementation flow and could be the result of non-optimal XDC constraints or non-optimal design architecture
Related violations: <none>

TIMING-16#42 Warning
Large setup violation  
There is a large setup violation of -1.177 ns between CPU/i_execute/i_bcc/do_branch_reg/C (clocked by sys_clk_pin) and CPU/i_execute/i_regs/regs_reg_r1_0_15_12_17/RAMA_D1/WE (clocked by sys_clk_pin). Large setup violations at the end of those stages might be difficult to fix during the post-placement implementation flow and could be the result of non-optimal XDC constraints or non-optimal design architecture
Related violations: <none>

TIMING-16#43 Warning
Large setup violation  
There is a large setup violation of -1.177 ns between CPU/i_execute/i_bcc/do_branch_reg/C (clocked by sys_clk_pin) and CPU/i_execute/i_regs/regs_reg_r1_0_15_12_17/RAMB/WE (clocked by sys_clk_pin). Large setup violations at the end of those stages might be difficult to fix during the post-placement implementation flow and could be the result of non-optimal XDC constraints or non-optimal design architecture
Related violations: <none>

TIMING-16#44 Warning
Large setup violation  
There is a large setup violation of -1.177 ns between CPU/i_execute/i_bcc/do_branch_reg/C (clocked by sys_clk_pin) and CPU/i_execute/i_regs/regs_reg_r1_0_15_12_17/RAMB_D1/WE (clocked by sys_clk_pin). Large setup violations at the end of those stages might be difficult to fix during the post-placement implementation flow and could be the result of non-optimal XDC constraints or non-optimal design architecture
Related violations: <none>

TIMING-16#45 Warning
Large setup violation  
There is a large setup violation of -1.177 ns between CPU/i_execute/i_bcc/do_branch_reg/C (clocked by sys_clk_pin) and CPU/i_execute/i_regs/regs_reg_r1_0_15_12_17/RAMC/WE (clocked by sys_clk_pin). Large setup violations at the end of those stages might be difficult to fix during the post-placement implementation flow and could be the result of non-optimal XDC constraints or non-optimal design architecture
Related violations: <none>

TIMING-16#46 Warning
Large setup violation  
There is a large setup violation of -1.177 ns between CPU/i_execute/i_bcc/do_branch_reg/C (clocked by sys_clk_pin) and CPU/i_execute/i_regs/regs_reg_r1_0_15_12_17/RAMC_D1/WE (clocked by sys_clk_pin). Large setup violations at the end of those stages might be difficult to fix during the post-placement implementation flow and could be the result of non-optimal XDC constraints or non-optimal design architecture
Related violations: <none>

TIMING-16#47 Warning
Large setup violation  
There is a large setup violation of -1.177 ns between CPU/i_execute/i_bcc/do_branch_reg/C (clocked by sys_clk_pin) and CPU/i_execute/i_regs/regs_reg_r1_0_15_12_17/RAMD/WE (clocked by sys_clk_pin). Large setup violations at the end of those stages might be difficult to fix during the post-placement implementation flow and could be the result of non-optimal XDC constraints or non-optimal design architecture
Related violations: <none>

TIMING-16#48 Warning
Large setup violation  
There is a large setup violation of -1.177 ns between CPU/i_execute/i_bcc/do_branch_reg/C (clocked by sys_clk_pin) and CPU/i_execute/i_regs/regs_reg_r1_0_15_12_17/RAMD_D1/WE (clocked by sys_clk_pin). Large setup violations at the end of those stages might be difficult to fix during the post-placement implementation flow and could be the result of non-optimal XDC constraints or non-optimal design architecture
Related violations: <none>

TIMING-16#49 Warning
Large setup violation  
There is a large setup violation of -1.179 ns between CPU/i_execute/i_bcc/do_branch_reg/C (clocked by sys_clk_pin) and CPU/i_execute/i_regs/regs_reg_r2_0_15_24_29/RAMA/WE (clocked by sys_clk_pin). Large setup violations at the end of those stages might be difficult to fix during the post-placement implementation flow and could be the result of non-optimal XDC constraints or non-optimal design architecture
Related violations: <none>

TIMING-16#50 Warning
Large setup violation  
There is a large setup violation of -1.179 ns between CPU/i_execute/i_bcc/do_branch_reg/C (clocked by sys_clk_pin) and CPU/i_execute/i_regs/regs_reg_r2_0_15_24_29/RAMA_D1/WE (clocked by sys_clk_pin). Large setup violations at the end of those stages might be difficult to fix during the post-placement implementation flow and could be the result of non-optimal XDC constraints or non-optimal design architecture
Related violations: <none>

TIMING-16#51 Warning
Large setup violation  
There is a large setup violation of -1.179 ns between CPU/i_execute/i_bcc/do_branch_reg/C (clocked by sys_clk_pin) and CPU/i_execute/i_regs/regs_reg_r2_0_15_24_29/RAMB/WE (clocked by sys_clk_pin). Large setup violations at the end of those stages might be difficult to fix during the post-placement implementation flow and could be the result of non-optimal XDC constraints or non-optimal design architecture
Related violations: <none>

TIMING-16#52 Warning
Large setup violation  
There is a large setup violation of -1.179 ns between CPU/i_execute/i_bcc/do_branch_reg/C (clocked by sys_clk_pin) and CPU/i_execute/i_regs/regs_reg_r2_0_15_24_29/RAMB_D1/WE (clocked by sys_clk_pin). Large setup violations at the end of those stages might be difficult to fix during the post-placement implementation flow and could be the result of non-optimal XDC constraints or non-optimal design architecture
Related violations: <none>

TIMING-16#53 Warning
Large setup violation  
There is a large setup violation of -1.179 ns between CPU/i_execute/i_bcc/do_branch_reg/C (clocked by sys_clk_pin) and CPU/i_execute/i_regs/regs_reg_r2_0_15_24_29/RAMC/WE (clocked by sys_clk_pin). Large setup violations at the end of those stages might be difficult to fix during the post-placement implementation flow and could be the result of non-optimal XDC constraints or non-optimal design architecture
Related violations: <none>

TIMING-16#54 Warning
Large setup violation  
There is a large setup violation of -1.179 ns between CPU/i_execute/i_bcc/do_branch_reg/C (clocked by sys_clk_pin) and CPU/i_execute/i_regs/regs_reg_r2_0_15_24_29/RAMC_D1/WE (clocked by sys_clk_pin). Large setup violations at the end of those stages might be difficult to fix during the post-placement implementation flow and could be the result of non-optimal XDC constraints or non-optimal design architecture
Related violations: <none>

TIMING-16#55 Warning
Large setup violation  
There is a large setup violation of -1.179 ns between CPU/i_execute/i_bcc/do_branch_reg/C (clocked by sys_clk_pin) and CPU/i_execute/i_regs/regs_reg_r2_0_15_24_29/RAMD/WE (clocked by sys_clk_pin). Large setup violations at the end of those stages might be difficult to fix during the post-placement implementation flow and could be the result of non-optimal XDC constraints or non-optimal design architecture
Related violations: <none>

TIMING-16#56 Warning
Large setup violation  
There is a large setup violation of -1.179 ns between CPU/i_execute/i_bcc/do_branch_reg/C (clocked by sys_clk_pin) and CPU/i_execute/i_regs/regs_reg_r2_0_15_24_29/RAMD_D1/WE (clocked by sys_clk_pin). Large setup violations at the end of those stages might be difficult to fix during the post-placement implementation flow and could be the result of non-optimal XDC constraints or non-optimal design architecture
Related violations: <none>

TIMING-16#57 Warning
Large setup violation  
There is a large setup violation of -1.256 ns between CPU/i_execute/i_bcc/do_branch_reg/C (clocked by sys_clk_pin) and CPU/i_execute/i_regs/regs_reg_r1_0_15_0_5/RAMA/WE (clocked by sys_clk_pin). Large setup violations at the end of those stages might be difficult to fix during the post-placement implementation flow and could be the result of non-optimal XDC constraints or non-optimal design architecture
Related violations: <none>

TIMING-16#58 Warning
Large setup violation  
There is a large setup violation of -1.256 ns between CPU/i_execute/i_bcc/do_branch_reg/C (clocked by sys_clk_pin) and CPU/i_execute/i_regs/regs_reg_r1_0_15_0_5/RAMA_D1/WE (clocked by sys_clk_pin). Large setup violations at the end of those stages might be difficult to fix during the post-placement implementation flow and could be the result of non-optimal XDC constraints or non-optimal design architecture
Related violations: <none>

TIMING-16#59 Warning
Large setup violation  
There is a large setup violation of -1.256 ns between CPU/i_execute/i_bcc/do_branch_reg/C (clocked by sys_clk_pin) and CPU/i_execute/i_regs/regs_reg_r1_0_15_0_5/RAMB/WE (clocked by sys_clk_pin). Large setup violations at the end of those stages might be difficult to fix during the post-placement implementation flow and could be the result of non-optimal XDC constraints or non-optimal design architecture
Related violations: <none>

TIMING-16#60 Warning
Large setup violation  
There is a large setup violation of -1.256 ns between CPU/i_execute/i_bcc/do_branch_reg/C (clocked by sys_clk_pin) and CPU/i_execute/i_regs/regs_reg_r1_0_15_0_5/RAMB_D1/WE (clocked by sys_clk_pin). Large setup violations at the end of those stages might be difficult to fix during the post-placement implementation flow and could be the result of non-optimal XDC constraints or non-optimal design architecture
Related violations: <none>

TIMING-16#61 Warning
Large setup violation  
There is a large setup violation of -1.256 ns between CPU/i_execute/i_bcc/do_branch_reg/C (clocked by sys_clk_pin) and CPU/i_execute/i_regs/regs_reg_r1_0_15_0_5/RAMC/WE (clocked by sys_clk_pin). Large setup violations at the end of those stages might be difficult to fix during the post-placement implementation flow and could be the result of non-optimal XDC constraints or non-optimal design architecture
Related violations: <none>

TIMING-16#62 Warning
Large setup violation  
There is a large setup violation of -1.256 ns between CPU/i_execute/i_bcc/do_branch_reg/C (clocked by sys_clk_pin) and CPU/i_execute/i_regs/regs_reg_r1_0_15_0_5/RAMC_D1/WE (clocked by sys_clk_pin). Large setup violations at the end of those stages might be difficult to fix during the post-placement implementation flow and could be the result of non-optimal XDC constraints or non-optimal design architecture
Related violations: <none>

TIMING-16#63 Warning
Large setup violation  
There is a large setup violation of -1.256 ns between CPU/i_execute/i_bcc/do_branch_reg/C (clocked by sys_clk_pin) and CPU/i_execute/i_regs/regs_reg_r1_0_15_0_5/RAMD/WE (clocked by sys_clk_pin). Large setup violations at the end of those stages might be difficult to fix during the post-placement implementation flow and could be the result of non-optimal XDC constraints or non-optimal design architecture
Related violations: <none>

TIMING-16#64 Warning
Large setup violation  
There is a large setup violation of -1.256 ns between CPU/i_execute/i_bcc/do_branch_reg/C (clocked by sys_clk_pin) and CPU/i_execute/i_regs/regs_reg_r1_0_15_0_5/RAMD_D1/WE (clocked by sys_clk_pin). Large setup violations at the end of those stages might be difficult to fix during the post-placement implementation flow and could be the result of non-optimal XDC constraints or non-optimal design architecture
Related violations: <none>

TIMING-16#65 Warning
Large setup violation  
There is a large setup violation of -1.303 ns between CPU/i_execute/i_bcc/do_branch_reg/C (clocked by sys_clk_pin) and CPU/i_execute/i_regs/regs_reg_r1_0_15_24_29/RAMA/WE (clocked by sys_clk_pin). Large setup violations at the end of those stages might be difficult to fix during the post-placement implementation flow and could be the result of non-optimal XDC constraints or non-optimal design architecture
Related violations: <none>

TIMING-16#66 Warning
Large setup violation  
There is a large setup violation of -1.303 ns between CPU/i_execute/i_bcc/do_branch_reg/C (clocked by sys_clk_pin) and CPU/i_execute/i_regs/regs_reg_r1_0_15_24_29/RAMA_D1/WE (clocked by sys_clk_pin). Large setup violations at the end of those stages might be difficult to fix during the post-placement implementation flow and could be the result of non-optimal XDC constraints or non-optimal design architecture
Related violations: <none>

TIMING-16#67 Warning
Large setup violation  
There is a large setup violation of -1.303 ns between CPU/i_execute/i_bcc/do_branch_reg/C (clocked by sys_clk_pin) and CPU/i_execute/i_regs/regs_reg_r1_0_15_24_29/RAMB/WE (clocked by sys_clk_pin). Large setup violations at the end of those stages might be difficult to fix during the post-placement implementation flow and could be the result of non-optimal XDC constraints or non-optimal design architecture
Related violations: <none>

TIMING-16#68 Warning
Large setup violation  
There is a large setup violation of -1.303 ns between CPU/i_execute/i_bcc/do_branch_reg/C (clocked by sys_clk_pin) and CPU/i_execute/i_regs/regs_reg_r1_0_15_24_29/RAMB_D1/WE (clocked by sys_clk_pin). Large setup violations at the end of those stages might be difficult to fix during the post-placement implementation flow and could be the result of non-optimal XDC constraints or non-optimal design architecture
Related violations: <none>

TIMING-16#69 Warning
Large setup violation  
There is a large setup violation of -1.303 ns between CPU/i_execute/i_bcc/do_branch_reg/C (clocked by sys_clk_pin) and CPU/i_execute/i_regs/regs_reg_r1_0_15_24_29/RAMC/WE (clocked by sys_clk_pin). Large setup violations at the end of those stages might be difficult to fix during the post-placement implementation flow and could be the result of non-optimal XDC constraints or non-optimal design architecture
Related violations: <none>

TIMING-16#70 Warning
Large setup violation  
There is a large setup violation of -1.303 ns between CPU/i_execute/i_bcc/do_branch_reg/C (clocked by sys_clk_pin) and CPU/i_execute/i_regs/regs_reg_r1_0_15_24_29/RAMC_D1/WE (clocked by sys_clk_pin). Large setup violations at the end of those stages might be difficult to fix during the post-placement implementation flow and could be the result of non-optimal XDC constraints or non-optimal design architecture
Related violations: <none>

TIMING-16#71 Warning
Large setup violation  
There is a large setup violation of -1.303 ns between CPU/i_execute/i_bcc/do_branch_reg/C (clocked by sys_clk_pin) and CPU/i_execute/i_regs/regs_reg_r1_0_15_24_29/RAMD/WE (clocked by sys_clk_pin). Large setup violations at the end of those stages might be difficult to fix during the post-placement implementation flow and could be the result of non-optimal XDC constraints or non-optimal design architecture
Related violations: <none>

TIMING-16#72 Warning
Large setup violation  
There is a large setup violation of -1.303 ns between CPU/i_execute/i_bcc/do_branch_reg/C (clocked by sys_clk_pin) and CPU/i_execute/i_regs/regs_reg_r1_0_15_24_29/RAMD_D1/WE (clocked by sys_clk_pin). Large setup violations at the end of those stages might be difficult to fix during the post-placement implementation flow and could be the result of non-optimal XDC constraints or non-optimal design architecture
Related violations: <none>

TIMING-18#1 Warning
Missing input or output delay  
An output delay is missing on LED[0] relative to clock(s) sys_clk_pin
Related violations: <none>

TIMING-18#2 Warning
Missing input or output delay  
An output delay is missing on LED[10] relative to clock(s) sys_clk_pin
Related violations: <none>

TIMING-18#3 Warning
Missing input or output delay  
An output delay is missing on LED[11] relative to clock(s) sys_clk_pin
Related violations: <none>

TIMING-18#4 Warning
Missing input or output delay  
An output delay is missing on LED[12] relative to clock(s) sys_clk_pin
Related violations: <none>

TIMING-18#5 Warning
Missing input or output delay  
An output delay is missing on LED[13] relative to clock(s) sys_clk_pin
Related violations: <none>

TIMING-18#6 Warning
Missing input or output delay  
An output delay is missing on LED[14] relative to clock(s) sys_clk_pin
Related violations: <none>

TIMING-18#7 Warning
Missing input or output delay  
An output delay is missing on LED[15] relative to clock(s) sys_clk_pin
Related violations: <none>

TIMING-18#8 Warning
Missing input or output delay  
An output delay is missing on LED[1] relative to clock(s) sys_clk_pin
Related violations: <none>

TIMING-18#9 Warning
Missing input or output delay  
An output delay is missing on LED[2] relative to clock(s) sys_clk_pin
Related violations: <none>

TIMING-18#10 Warning
Missing input or output delay  
An output delay is missing on LED[3] relative to clock(s) sys_clk_pin
Related violations: <none>

TIMING-18#11 Warning
Missing input or output delay  
An output delay is missing on LED[4] relative to clock(s) sys_clk_pin
Related violations: <none>

TIMING-18#12 Warning
Missing input or output delay  
An output delay is missing on LED[5] relative to clock(s) sys_clk_pin
Related violations: <none>

TIMING-18#13 Warning
Missing input or output delay  
An output delay is missing on LED[6] relative to clock(s) sys_clk_pin
Related violations: <none>

TIMING-18#14 Warning
Missing input or output delay  
An output delay is missing on LED[7] relative to clock(s) sys_clk_pin
Related violations: <none>

TIMING-18#15 Warning
Missing input or output delay  
An output delay is missing on LED[8] relative to clock(s) sys_clk_pin
Related violations: <none>

TIMING-18#16 Warning
Missing input or output delay  
An output delay is missing on LED[9] relative to clock(s) sys_clk_pin
Related violations: <none>

TIMING-20#1 Warning
Non-clocked latch  
The latch CPU/i_execute/i_alu/flags_out_reg[C] cannot be properly analyzed as its control pin CPU/i_execute/i_alu/flags_out_reg[C]/G is not reached by a timing clock
Related violations: <none>

TIMING-20#2 Warning
Non-clocked latch  
The latch CPU/i_execute/i_alu/flags_out_reg[N] cannot be properly analyzed as its control pin CPU/i_execute/i_alu/flags_out_reg[N]/G is not reached by a timing clock
Related violations: <none>

TIMING-20#3 Warning
Non-clocked latch  
The latch CPU/i_execute/i_alu/flags_out_reg[V] cannot be properly analyzed as its control pin CPU/i_execute/i_alu/flags_out_reg[V]/G is not reached by a timing clock
Related violations: <none>

TIMING-20#4 Warning
Non-clocked latch  
The latch CPU/i_execute/i_alu/flags_out_reg[Z]/L7 (in CPU/i_execute/i_alu/flags_out_reg[Z] macro) cannot be properly analyzed as its control pin CPU/i_execute/i_alu/flags_out_reg[Z]/L7/G is not reached by a timing clock
Related violations: <none>

TIMING-20#5 Warning
Non-clocked latch  
The latch CPU/i_execute/i_alu/out_alu_reg[0] cannot be properly analyzed as its control pin CPU/i_execute/i_alu/out_alu_reg[0]/G is not reached by a timing clock
Related violations: <none>

TIMING-20#6 Warning
Non-clocked latch  
The latch CPU/i_execute/i_alu/out_alu_reg[0]_rep cannot be properly analyzed as its control pin CPU/i_execute/i_alu/out_alu_reg[0]_rep/G is not reached by a timing clock
Related violations: <none>

TIMING-20#7 Warning
Non-clocked latch  
The latch CPU/i_execute/i_alu/out_alu_reg[0]_rep__0 cannot be properly analyzed as its control pin CPU/i_execute/i_alu/out_alu_reg[0]_rep__0/G is not reached by a timing clock
Related violations: <none>

TIMING-20#8 Warning
Non-clocked latch  
The latch CPU/i_execute/i_alu/out_alu_reg[10] cannot be properly analyzed as its control pin CPU/i_execute/i_alu/out_alu_reg[10]/G is not reached by a timing clock
Related violations: <none>

TIMING-20#9 Warning
Non-clocked latch  
The latch CPU/i_execute/i_alu/out_alu_reg[11] cannot be properly analyzed as its control pin CPU/i_execute/i_alu/out_alu_reg[11]/G is not reached by a timing clock
Related violations: <none>

TIMING-20#10 Warning
Non-clocked latch  
The latch CPU/i_execute/i_alu/out_alu_reg[12] cannot be properly analyzed as its control pin CPU/i_execute/i_alu/out_alu_reg[12]/G is not reached by a timing clock
Related violations: <none>

TIMING-20#11 Warning
Non-clocked latch  
The latch CPU/i_execute/i_alu/out_alu_reg[13] cannot be properly analyzed as its control pin CPU/i_execute/i_alu/out_alu_reg[13]/G is not reached by a timing clock
Related violations: <none>

TIMING-20#12 Warning
Non-clocked latch  
The latch CPU/i_execute/i_alu/out_alu_reg[14] cannot be properly analyzed as its control pin CPU/i_execute/i_alu/out_alu_reg[14]/G is not reached by a timing clock
Related violations: <none>

TIMING-20#13 Warning
Non-clocked latch  
The latch CPU/i_execute/i_alu/out_alu_reg[15] cannot be properly analyzed as its control pin CPU/i_execute/i_alu/out_alu_reg[15]/G is not reached by a timing clock
Related violations: <none>

TIMING-20#14 Warning
Non-clocked latch  
The latch CPU/i_execute/i_alu/out_alu_reg[16] cannot be properly analyzed as its control pin CPU/i_execute/i_alu/out_alu_reg[16]/G is not reached by a timing clock
Related violations: <none>

TIMING-20#15 Warning
Non-clocked latch  
The latch CPU/i_execute/i_alu/out_alu_reg[17] cannot be properly analyzed as its control pin CPU/i_execute/i_alu/out_alu_reg[17]/G is not reached by a timing clock
Related violations: <none>

TIMING-20#16 Warning
Non-clocked latch  
The latch CPU/i_execute/i_alu/out_alu_reg[18] cannot be properly analyzed as its control pin CPU/i_execute/i_alu/out_alu_reg[18]/G is not reached by a timing clock
Related violations: <none>

TIMING-20#17 Warning
Non-clocked latch  
The latch CPU/i_execute/i_alu/out_alu_reg[19] cannot be properly analyzed as its control pin CPU/i_execute/i_alu/out_alu_reg[19]/G is not reached by a timing clock
Related violations: <none>

TIMING-20#18 Warning
Non-clocked latch  
The latch CPU/i_execute/i_alu/out_alu_reg[1] cannot be properly analyzed as its control pin CPU/i_execute/i_alu/out_alu_reg[1]/G is not reached by a timing clock
Related violations: <none>

TIMING-20#19 Warning
Non-clocked latch  
The latch CPU/i_execute/i_alu/out_alu_reg[1]_rep cannot be properly analyzed as its control pin CPU/i_execute/i_alu/out_alu_reg[1]_rep/G is not reached by a timing clock
Related violations: <none>

TIMING-20#20 Warning
Non-clocked latch  
The latch CPU/i_execute/i_alu/out_alu_reg[1]_rep__0 cannot be properly analyzed as its control pin CPU/i_execute/i_alu/out_alu_reg[1]_rep__0/G is not reached by a timing clock
Related violations: <none>

TIMING-20#21 Warning
Non-clocked latch  
The latch CPU/i_execute/i_alu/out_alu_reg[20] cannot be properly analyzed as its control pin CPU/i_execute/i_alu/out_alu_reg[20]/G is not reached by a timing clock
Related violations: <none>

TIMING-20#22 Warning
Non-clocked latch  
The latch CPU/i_execute/i_alu/out_alu_reg[21] cannot be properly analyzed as its control pin CPU/i_execute/i_alu/out_alu_reg[21]/G is not reached by a timing clock
Related violations: <none>

TIMING-20#23 Warning
Non-clocked latch  
The latch CPU/i_execute/i_alu/out_alu_reg[22] cannot be properly analyzed as its control pin CPU/i_execute/i_alu/out_alu_reg[22]/G is not reached by a timing clock
Related violations: <none>

TIMING-20#24 Warning
Non-clocked latch  
The latch CPU/i_execute/i_alu/out_alu_reg[23] cannot be properly analyzed as its control pin CPU/i_execute/i_alu/out_alu_reg[23]/G is not reached by a timing clock
Related violations: <none>

TIMING-20#25 Warning
Non-clocked latch  
The latch CPU/i_execute/i_alu/out_alu_reg[24] cannot be properly analyzed as its control pin CPU/i_execute/i_alu/out_alu_reg[24]/G is not reached by a timing clock
Related violations: <none>

TIMING-20#26 Warning
Non-clocked latch  
The latch CPU/i_execute/i_alu/out_alu_reg[25] cannot be properly analyzed as its control pin CPU/i_execute/i_alu/out_alu_reg[25]/G is not reached by a timing clock
Related violations: <none>

TIMING-20#27 Warning
Non-clocked latch  
The latch CPU/i_execute/i_alu/out_alu_reg[26] cannot be properly analyzed as its control pin CPU/i_execute/i_alu/out_alu_reg[26]/G is not reached by a timing clock
Related violations: <none>

TIMING-20#28 Warning
Non-clocked latch  
The latch CPU/i_execute/i_alu/out_alu_reg[27] cannot be properly analyzed as its control pin CPU/i_execute/i_alu/out_alu_reg[27]/G is not reached by a timing clock
Related violations: <none>

TIMING-20#29 Warning
Non-clocked latch  
The latch CPU/i_execute/i_alu/out_alu_reg[28] cannot be properly analyzed as its control pin CPU/i_execute/i_alu/out_alu_reg[28]/G is not reached by a timing clock
Related violations: <none>

TIMING-20#30 Warning
Non-clocked latch  
The latch CPU/i_execute/i_alu/out_alu_reg[29] cannot be properly analyzed as its control pin CPU/i_execute/i_alu/out_alu_reg[29]/G is not reached by a timing clock
Related violations: <none>

TIMING-20#31 Warning
Non-clocked latch  
The latch CPU/i_execute/i_alu/out_alu_reg[2] cannot be properly analyzed as its control pin CPU/i_execute/i_alu/out_alu_reg[2]/G is not reached by a timing clock
Related violations: <none>

TIMING-20#32 Warning
Non-clocked latch  
The latch CPU/i_execute/i_alu/out_alu_reg[30] cannot be properly analyzed as its control pin CPU/i_execute/i_alu/out_alu_reg[30]/G is not reached by a timing clock
Related violations: <none>

TIMING-20#33 Warning
Non-clocked latch  
The latch CPU/i_execute/i_alu/out_alu_reg[31] cannot be properly analyzed as its control pin CPU/i_execute/i_alu/out_alu_reg[31]/G is not reached by a timing clock
Related violations: <none>

TIMING-20#34 Warning
Non-clocked latch  
The latch CPU/i_execute/i_alu/out_alu_reg[3] cannot be properly analyzed as its control pin CPU/i_execute/i_alu/out_alu_reg[3]/G is not reached by a timing clock
Related violations: <none>

TIMING-20#35 Warning
Non-clocked latch  
The latch CPU/i_execute/i_alu/out_alu_reg[4] cannot be properly analyzed as its control pin CPU/i_execute/i_alu/out_alu_reg[4]/G is not reached by a timing clock
Related violations: <none>

TIMING-20#36 Warning
Non-clocked latch  
The latch CPU/i_execute/i_alu/out_alu_reg[5] cannot be properly analyzed as its control pin CPU/i_execute/i_alu/out_alu_reg[5]/G is not reached by a timing clock
Related violations: <none>

TIMING-20#37 Warning
Non-clocked latch  
The latch CPU/i_execute/i_alu/out_alu_reg[6] cannot be properly analyzed as its control pin CPU/i_execute/i_alu/out_alu_reg[6]/G is not reached by a timing clock
Related violations: <none>

TIMING-20#38 Warning
Non-clocked latch  
The latch CPU/i_execute/i_alu/out_alu_reg[7] cannot be properly analyzed as its control pin CPU/i_execute/i_alu/out_alu_reg[7]/G is not reached by a timing clock
Related violations: <none>

TIMING-20#39 Warning
Non-clocked latch  
The latch CPU/i_execute/i_alu/out_alu_reg[8] cannot be properly analyzed as its control pin CPU/i_execute/i_alu/out_alu_reg[8]/G is not reached by a timing clock
Related violations: <none>

TIMING-20#40 Warning
Non-clocked latch  
The latch CPU/i_execute/i_alu/out_alu_reg[9] cannot be properly analyzed as its control pin CPU/i_execute/i_alu/out_alu_reg[9]/G is not reached by a timing clock
Related violations: <none>


