#
# A fatal error has been detected by the Java Runtime Environment:
#
#  EXCEPTION_ACCESS_VIOLATION (0xc0000005) at pc=0x00007ffcdcaa9b56, pid=8840, tid=4264
#
# JRE version: Java(TM) SE Runtime Environment (9.0+11) (build 9.0.4+11)
# Java VM: Java HotSpot(TM) 64-Bit Server VM (9.0.4+11, mixed mode, tiered, compressed oops, g1 gc, windows-amd64)
# Problematic frame:
# C  [librdi_filemgmt.dll+0x249b56]
#
# No core dump will be written. Minidumps are not enabled by default on client versions of Windows
#
# If you would like to submit a bug report, please visit:
#   http://bugreport.java.com/bugreport/crash.jsp
# The crash happened outside the Java Virtual Machine in native code.
# See problematic frame for where to report the bug.
#

---------------  S U M M A R Y ------------

Command Line: -Dsun.java2d.pmoffscreen=false -Dsun.java2d.xrender=false -Dsun.java2d.d3d=false -Dsun.awt.nopixfmt=true -Dsun.java2d.dpiaware=true -Dsun.java2d.uiScale.enabled=false -Xverify:none -Dswing.aatext=true -XX:-UsePerfData -Djdk.map.althashing.threshold=512 -XX:StringTableSize=4072 --add-opens=java.base/java.nio=ALL-UNNAMED --add-opens=java.desktop/sun.swing=ALL-UNNAMED --add-opens=java.desktop/javax.swing=ALL-UNNAMED --add-opens=java.desktop/javax.swing.tree=ALL-UNNAMED --add-opens=java.desktop/javax.swing.plaf.basic=ALL-UNNAMED --add-opens=java.desktop/javax.swing.plaf.synth=ALL-UNNAMED --add-opens=java.desktop/com.sun.awt=ALL-UNNAMED -XX:NewSize=60m -XX:MaxNewSize=60m -Xms128m -Xmx3072m -Xss5m 

Host: Intel(R) Celeron(R) N4000 CPU @ 1.10GHz, 2 cores, 3G,  Windows 10 , 64 bit Build 26100 (10.0.26100.3323)
Time: Tue Mar 18 17:26:49 2025 Paris, Madrid elapsed time: 3458 seconds (0d 0h 57m 38s)

---------------  T H R E A D  ---------------

Current thread (0x00000181affbe800):  JavaThread "AWT-EventQueue-0" [_thread_in_native, id=4264, stack(0x00000024ba100000,0x00000024ba600000)]

Stack: [0x00000024ba100000,0x00000024ba600000],  sp=0x00000024ba5fd440,  free space=5109k
Native frames: (J=compiled Java code, j=interpreted, Vv=VM code, C=native code)
C  [librdi_filemgmt.dll+0x249b56]
C  [librdi_filemgmt.dll+0x248751]
C  [librdi_filemgmt.dll+0x25da48]
C  0x000001819f588552

Java frames: (J=compiled Java code, j=interpreted, Vv=VM code)
J 23657  ui.data.srcscan.srcscani.EditorAssist_createParseInfoIter(JLjava/lang/String;)J (0 bytes) @ 0x000001819f5884b5 [0x000001819f588460+0x0000000000000055]
J 23656 c1 ui.data.l.a.a.sy(Ljava/lang/String;)J (11 bytes) @ 0x0000018198402134 [0x00000181984020c0+0x0000000000000074]
j  ui.data.l.a.a.bQc()V+52
J 25038 c1 ui.views.V.a.ab.gIU()V (52 bytes) @ 0x0000018199a79c6c [0x0000018199a78d80+0x0000000000000eec]
J 25037 c1 ui.views.V.a.as.finished()V (81 bytes) @ 0x0000018199a782dc [0x0000018199a78100+0x00000000000001dc]
J 16245 c1 ui.frmwork.x.run()V (15 bytes) @ 0x00000181973c674c [0x00000181973c65e0+0x000000000000016c]
J 17526 c2 java.awt.EventQueue$3.run()Ljava/lang/Void; java.desktop@9.0.4 (60 bytes) @ 0x000001819ed89704 [0x000001819ed89600+0x0000000000000104]
J 15943 c2 java.awt.EventQueue$3.run()Ljava/lang/Object; java.desktop@9.0.4 (5 bytes) @ 0x000001819e3ff2d4 [0x000001819e3ff2a0+0x0000000000000034]
v  ~StubRoutines::call_stub
J 4399  java.security.AccessController.doPrivileged(Ljava/security/PrivilegedAction;Ljava/security/AccessControlContext;)Ljava/lang/Object; java.base@9.0.4 (0 bytes) @ 0x000001819e1ecd46 [0x000001819e1ecce0+0x0000000000000066]
J 13523 c2 java.awt.EventQueue.dispatchEvent(Ljava/awt/AWTEvent;)V java.desktop@9.0.4 (80 bytes) @ 0x000001819e1d5b98 [0x000001819e1d5640+0x0000000000000558]
J 14292 c2 ui.frmwork.b.d.dispatchEvent(Ljava/awt/AWTEvent;)V (34 bytes) @ 0x000001819e980e5c [0x000001819e980d60+0x00000000000000fc]
J 20499 c2 java.awt.EventDispatchThread.pumpOneEventForFilters(I)V java.desktop@9.0.4 (218 bytes) @ 0x000001819f0d3b0c [0x000001819f0d35a0+0x000000000000056c]
J 20803% c2 java.awt.EventDispatchThread.pumpEventsForFilter(ILjava/awt/Conditional;Ljava/awt/EventFilter;)V java.desktop@9.0.4 (47 bytes) @ 0x000001819f176278 [0x000001819f176160+0x0000000000000118]
j  java.awt.EventDispatchThread.pumpEventsForHierarchy(ILjava/awt/Conditional;Ljava/awt/Component;)V+11 java.desktop@9.0.4
j  java.awt.EventDispatchThread.pumpEvents(ILjava/awt/Conditional;)V+4 java.desktop@9.0.4
j  java.awt.EventDispatchThread.pumpEvents(Ljava/awt/Conditional;)V+3 java.desktop@9.0.4
j  java.awt.EventDispatchThread.run()V+9 java.desktop@9.0.4
v  ~StubRoutines::call_stub

siginfo: EXCEPTION_ACCESS_VIOLATION (0xc0000005), reading address 0x0000000000000000


Register to memory mapping:

RIP=0x00007ffcdcaa9b56 librdi_filemgmt.dll
RAX=0x0000000000000001 is an unknown value
RBX=0x00000181b0412420 is an unknown value
RCX=0x00000181b27afcf0 is an unknown value
RDX=0x0000000000000000 is an unknown value
RSP=0x00000024ba5fd440 is pointing into the stack for thread: 0x00000181affbe800
RBP=0x00000024ba5fd6e0 is pointing into the stack for thread: 0x00000181affbe800
RSI=0x0000000000000000 is an unknown value
RDI=0x00000181af0c2040 is an unknown value
R8 =0x00000181844e0f60 is an unknown value
R9 =0x00000024b3c70000 is an unknown value
R10=0x00000181844e0000 is an unknown value
R11=0x00000024ba5fb370 is pointing into the stack for thread: 0x00000181affbe800
R12=0x00000181b296b670 is an unknown value
R13=0x0000000000000000 is an unknown value
R14=0x0000000000000000 is an unknown value
R15=0x00000024ba5fd7b8 is pointing into the stack for thread: 0x00000181affbe800


Registers:
RAX=0x0000000000000001, RBX=0x00000181b0412420, RCX=0x00000181b27afcf0, RDX=0x0000000000000000
RSP=0x00000024ba5fd440, RBP=0x00000024ba5fd6e0, RSI=0x0000000000000000, RDI=0x00000181af0c2040
R8 =0x00000181844e0f60, R9 =0x00000024b3c70000, R10=0x00000181844e0000, R11=0x00000024ba5fb370
R12=0x00000181b296b670, R13=0x0000000000000000, R14=0x0000000000000000, R15=0x00000024ba5fd7b8
RIP=0x00007ffcdcaa9b56, EFLAGS=0x0000000000010283

Top of Stack: (sp=0x00000024ba5fd440)
0x00000024ba5fd440:   00000181b0412418 0000000000000000
0x00000024ba5fd450:   00000181b0412418 00007ffcdcfd9f64
0x00000024ba5fd460:   fffffffffffffffe 00000181b00f5700
0x00000024ba5fd470:   00000000affbe800 0000000000000000
0x00000024ba5fd480:   000000000000000f 00000181b00f5100
0x00000024ba5fd490:   00000024ba5fd610 0000000000000000
0x00000024ba5fd4a0:   000000000000000f 00004f662a0ed5d1
0x00000024ba5fd4b0:   000000000000005b 00000181b296b670
0x00000024ba5fd4c0:   00000024ba5fd6e0 00007ffcdcaa8751
0x00000024ba5fd4d0:   00000181affbe800 00007ffcdcc30340
0x00000024ba5fd4e0:   00000181af0c2040 00000024ba5fd5d0
0x00000024ba5fd4f0:   00000024ba5fd6e0 000001818ec1b670
0x00000024ba5fd500:   fffffffffffffffe 00000181affbea18
0x00000024ba5fd510:   72676f72502f3a43 736b726f57736d61
0x00000024ba5fd520:   00000181b296b670 656a6f72502f4145
0x00000024ba5fd530:   6770662f41325f74 50462f6d72615f61 

Instructions: (pc=0x00007ffcdcaa9b56)
0x00007ffcdcaa9b36:   66 66 0f 1f 84 00 00 00 00 00 48 8b 13 48 c7 44
0x00007ffcdcaa9b46:   24 40 0f 00 00 00 4c 89 74 24 38 c6 44 24 28 00
0x00007ffcdcaa9b56:   80 3a 00 75 05 4d 8b c6 eb 0e 49 83 c8 ff 49 ff
0x00007ffcdcaa9b66:   c0 42 80 3c 02 00 75 f6 48 8d 4c 24 28 e8 e8 bf 



---------------  P R O C E S S  ---------------

Java Threads: ( => current thread )
  0x00000181ce42f000 JavaThread "Code Inspector" [_thread_in_native, id=4184, stack(0x00000024bc900000,0x00000024bce00000)]
  0x00000181ce433800 JavaThread "Thread-4059" [_thread_in_native, id=2452, stack(0x00000024bdf00000,0x00000024be000000)]
  0x00000181ce435000 JavaThread "Monitor File Timestamp Swing Worker" [_thread_blocked, id=4852, stack(0x00000024c2100000,0x00000024c2600000)]
  0x00000181ce430800 JavaThread "Timer-14" [_thread_blocked, id=13408, stack(0x00000024c1700000,0x00000024c1c00000)]
  0x00000181ce432000 JavaThread "SyntheticaAnimation 50" daemon [_thread_blocked, id=9392, stack(0x00000024c0d00000,0x00000024c1200000)]
  0x00000181ce430000 JavaThread "Monitor File Timestamp Swing Worker" [_thread_blocked, id=8304, stack(0x00000024c0800000,0x00000024c0d00000)]
  0x00000181af411000 JavaThread "Timer-7" [_thread_blocked, id=12292, stack(0x00000024c0300000,0x00000024c0800000)]
  0x00000181af40c800 JavaThread "Monitor File Timestamp Swing Worker" [_thread_blocked, id=15020, stack(0x00000024bf700000,0x00000024bfc00000)]
  0x00000181af404800 JavaThread "Timer-5" [_thread_blocked, id=13500, stack(0x00000024bf100000,0x00000024bf600000)]
  0x00000181af410000 JavaThread "Thread-614" [_thread_in_native, id=7352, stack(0x00000024bf400000,0x00000024bf500000)]
  0x00000181af40b000 JavaThread "Swing-Shell" daemon [_thread_blocked, id=1260, stack(0x00000024b9c00000,0x00000024ba100000)]
  0x00000181af408800 JavaThread "Thread-345" [_thread_in_native, id=4976, stack(0x00000024b4000000,0x00000024b4100000)]
  0x00000181af407000 JavaThread "SyntheticaAnimation 50" daemon [_thread_blocked, id=2860, stack(0x00000024be200000,0x00000024be700000)]
  0x00000181af405800 JavaThread "Image Animator 1" daemon [_thread_blocked, id=11332, stack(0x00000024bd800000,0x00000024bdd00000)]
  0x00000181af406000 JavaThread "Update Runs Swing Worker" [_thread_blocked, id=10192, stack(0x00000024be700000,0x00000024bec00000)]
  0x00000181af404000 JavaThread "hw_ila_monitor" [_thread_blocked, id=12804, stack(0x00000024bc400000,0x00000024bc900000)]
  0x00000181af401800 JavaThread "Refresh Filesets Swing Worker" [_thread_blocked, id=7704, stack(0x00000024bd300000,0x00000024bd800000)]
  0x00000181af402800 JavaThread "SyntheticaAnimation 70" daemon [_thread_blocked, id=4180, stack(0x00000024bce00000,0x00000024bd300000)]
  0x000001818d9d6800 JavaThread "SyntheticaAnimation 25" daemon [_thread_blocked, id=14396, stack(0x00000024bbf00000,0x00000024bc400000)]
  0x000001818d9d4800 JavaThread "SyntheticaAnimation 50" daemon [_thread_blocked, id=8860, stack(0x00000024bba00000,0x00000024bbf00000)]
  0x000001818d9d6000 JavaThread "Monitor HEventQueue" [_thread_blocked, id=15188, stack(0x00000024bb500000,0x00000024bba00000)]
  0x000001818d9d5000 JavaThread "SyntheticaCleanerThread" daemon [_thread_blocked, id=11208, stack(0x00000024ba600000,0x00000024bab00000)]
  0x000001818d9d7800 JavaThread "Batik CleanerThread" daemon [_thread_blocked, id=7776, stack(0x00000024bb000000,0x00000024bb500000)]
  0x00000181aeeed000 JavaThread "Process Messages" [_thread_blocked, id=15112, stack(0x00000024bab00000,0x00000024bb000000)]
  0x00000181af8c8800 JavaThread "Thread-1" [_thread_in_native, id=2328, stack(0x00000024b4200000,0x00000024b5600000)]
=>0x00000181affbe800 JavaThread "AWT-EventQueue-0" [_thread_in_native, id=4264, stack(0x00000024ba100000,0x00000024ba600000)]
  0x00000181aebde800 JavaThread "AWT-Shutdown" [_thread_blocked, id=7260, stack(0x00000024b8d00000,0x00000024b9200000)]
  0x00000181aef0e000 JavaThread "TimerQueue" daemon [_thread_blocked, id=2872, stack(0x00000024b9700000,0x00000024b9c00000)]
  0x000001818c1c7000 JavaThread "AWT-Windows" daemon [_thread_in_native, id=968, stack(0x00000024b9200000,0x00000024b9700000)]
  0x000001818da15000 JavaThread "Java2D Disposer" daemon [_thread_blocked, id=7644, stack(0x00000024b8800000,0x00000024b8d00000)]
  0x000001818be01800 JavaThread "Service Thread" daemon [_thread_blocked, id=7544, stack(0x00000024b8200000,0x00000024b8700000)]
  0x000001818dd52800 JavaThread "Common-Cleaner" daemon [_thread_blocked, id=14492, stack(0x00000024b7d00000,0x00000024b8200000)]
  0x000001818deda800 JavaThread "Sweeper thread" daemon [_thread_blocked, id=2952, stack(0x00000024b7800000,0x00000024b7d00000)]
  0x000001818ded9800 JavaThread "C1 CompilerThread1" daemon [_thread_blocked, id=1624, stack(0x00000024b7700000,0x00000024b7800000)]
  0x0000018188def000 JavaThread "C2 CompilerThread0" daemon [_thread_blocked, id=10036, stack(0x00000024b7600000,0x00000024b7700000)]
  0x0000018188dee800 JavaThread "Attach Listener" daemon [_thread_blocked, id=12032, stack(0x00000024b7100000,0x00000024b7600000)]
  0x000001818db16800 JavaThread "Signal Dispatcher" daemon [_thread_blocked, id=11096, stack(0x00000024b6c00000,0x00000024b7100000)]
  0x0000018188efd000 JavaThread "Finalizer" daemon [_thread_blocked, id=8348, stack(0x00000024b6700000,0x00000024b6c00000)]
  0x0000018188efc800 JavaThread "Reference Handler" daemon [_thread_blocked, id=10300, stack(0x00000024b6200000,0x00000024b6700000)]
  0x000001818f6f1800 JavaThread "main" [_thread_blocked, id=13092, stack(0x00000024b4100000,0x00000024b4200000)]

Other Threads:
  0x000001818edda800 VMThread "VM Thread" [stack: 0x00000024b6100000,0x00000024b6200000] [id=9836]
  0x000001818be02800 WatcherThread [stack: 0x00000024b8700000,0x00000024b8800000] [id=13180]
  0x000001818e20f000 GCTaskThread "GC Thread#0" [stack: 0x00000024b5a00000,0x00000024b5b00000] [id=13748]
  0x000001818d69a000 GCTaskThread "GC Thread#1" [stack: 0x00000024b5b00000,0x00000024b5c00000] [id=9692]
  0x000001818de92800 ConcurrentGCThread "G1 Main Marker" [stack: 0x00000024b5f00000,0x00000024b6000000] [id=3172]
  0x000001818d69b000 ConcurrentGCThread "G1 Marker#0" [stack: 0x00000024b6000000,0x00000024b6100000] [id=8144]
  0x000001818ebd7000 ConcurrentGCThread "G1 Refine#0" [stack: 0x00000024b5d00000,0x00000024b5e00000] [id=12820]
  0x0000018188df2800 ConcurrentGCThread "G1 Refine#1" [stack: 0x00000024b5c00000,0x00000024b5d00000] [id=5500]
  0x000001818ebd7800 ConcurrentGCThread "G1 Young RemSet Sampling" [stack: 0x00000024b5e00000,0x00000024b5f00000] [id=12316]

Threads with active compile tasks:

VM state:not at safepoint (normal execution)

VM Mutex/Monitor currently owned by a thread: None

Heap address: 0x0000000700000000, size: 3072 MB, Compressed Oops mode: Zero based, Oop shift amount: 3
Narrow klass base: 0x0000000000000000, Narrow klass shift: 3
Compressed class space size: 1073741824 Address: 0x00000007c0000000

Heap:
 garbage-first heap   total 212992K, used 126242K [0x0000000700000000, 0x0000000700100680, 0x00000007c0000000)
  region size 1024K, 44 young (45056K), 1 survivors (1024K)
 Metaspace       used 88744K, capacity 95529K, committed 95744K, reserved 1132544K
  class space    used 12087K, capacity 13283K, committed 13312K, reserved 1048576K
Heap Regions: E=young(eden), S=young(survivor), O=old, HS=humongous(starts), HC=humongous(continues), CS=collection set, F=free, A=archive, TS=gc time stamp, AC=allocation context, TAMS=top-at-mark-start (previous, next)
|   0|0x0000000700000000, 0x00000007000fa4b0, 0x0000000700100000| 97%| O|  |TS  0|AC  0|TAMS 0x0000000700000000, 0x0000000700000000|
|   1|0x0000000700100000, 0x0000000700200000, 0x0000000700200000|100%|HS|  |TS  0|AC  0|TAMS 0x0000000700100000, 0x0000000700100000|
|   2|0x0000000700200000, 0x0000000700300000, 0x0000000700300000|100%|HC|  |TS  0|AC  0|TAMS 0x0000000700200000, 0x0000000700200000|
|   3|0x0000000700300000, 0x0000000700400000, 0x0000000700400000|100%|HS|  |TS  0|AC  0|TAMS 0x0000000700300000, 0x0000000700300000|
|   4|0x0000000700400000, 0x00000007004fbbf8, 0x0000000700500000| 98%| O|  |TS  0|AC  0|TAMS 0x0000000700400000, 0x0000000700400000|
|   5|0x0000000700500000, 0x00000007005ffff8, 0x0000000700600000| 99%| O|  |TS  0|AC  0|TAMS 0x0000000700500000, 0x0000000700500000|
|   6|0x0000000700600000, 0x00000007006ff718, 0x0000000700700000| 99%| O|  |TS  0|AC  0|TAMS 0x0000000700600000, 0x0000000700600000|
|   7|0x0000000700700000, 0x00000007007ffff8, 0x0000000700800000| 99%| O|  |TS  0|AC  0|TAMS 0x0000000700700000, 0x0000000700700000|
|   8|0x0000000700800000, 0x0000000700900000, 0x0000000700900000|100%| O|  |TS  0|AC  0|TAMS 0x0000000700800000, 0x0000000700800000|
|   9|0x0000000700900000, 0x00000007009fffc8, 0x0000000700a00000| 99%| O|  |TS  0|AC  0|TAMS 0x0000000700900000, 0x0000000700900000|
|  10|0x0000000700a00000, 0x0000000700aff428, 0x0000000700b00000| 99%| O|  |TS  0|AC  0|TAMS 0x0000000700a00000, 0x0000000700a00000|
|  11|0x0000000700b00000, 0x0000000700bf9728, 0x0000000700c00000| 97%| O|  |TS  0|AC  0|TAMS 0x0000000700b00000, 0x0000000700b00000|
|  12|0x0000000700c00000, 0x0000000700cdec98, 0x0000000700d00000| 87%| O|  |TS  0|AC  0|TAMS 0x0000000700c00000, 0x0000000700c00000|
|  13|0x0000000700d00000, 0x0000000700dfff68, 0x0000000700e00000| 99%| O|  |TS  0|AC  0|TAMS 0x0000000700d00000, 0x0000000700d00000|
|  14|0x0000000700e00000, 0x0000000700ed43e0, 0x0000000700f00000| 82%| O|  |TS  0|AC  0|TAMS 0x0000000700e00000, 0x0000000700e00000|
|  15|0x0000000700f00000, 0x0000000700ff6350, 0x0000000701000000| 96%| O|  |TS  0|AC  0|TAMS 0x0000000700f00000, 0x0000000700f00000|
|  16|0x0000000701000000, 0x00000007010ffff8, 0x0000000701100000| 99%| O|  |TS  0|AC  0|TAMS 0x0000000701000000, 0x0000000701000000|
|  17|0x0000000701100000, 0x00000007011fffd8, 0x0000000701200000| 99%| O|  |TS  0|AC  0|TAMS 0x0000000701100000, 0x0000000701100000|
|  18|0x0000000701200000, 0x0000000701300000, 0x0000000701300000|100%| O|  |TS  0|AC  0|TAMS 0x0000000701200000, 0x0000000701200000|
|  19|0x0000000701300000, 0x00000007013ffff8, 0x0000000701400000| 99%| O|  |TS  0|AC  0|TAMS 0x0000000701300000, 0x0000000701300000|
|  20|0x0000000701400000, 0x00000007014ffff8, 0x0000000701500000| 99%| O|  |TS  0|AC  0|TAMS 0x0000000701400000, 0x0000000701400000|
|  21|0x0000000701500000, 0x00000007015ffff0, 0x0000000701600000| 99%| O|  |TS  0|AC  0|TAMS 0x0000000701500000, 0x0000000701500000|
|  22|0x0000000701600000, 0x00000007016fff68, 0x0000000701700000| 99%| O|  |TS  0|AC  0|TAMS 0x0000000701600000, 0x0000000701600000|
|  23|0x0000000701700000, 0x00000007017fffe0, 0x0000000701800000| 99%| O|  |TS  0|AC  0|TAMS 0x0000000701700000, 0x0000000701700000|
|  24|0x0000000701800000, 0x00000007018ffff8, 0x0000000701900000| 99%| O|  |TS  0|AC  0|TAMS 0x0000000701800000, 0x0000000701800000|
|  25|0x0000000701900000, 0x00000007019fffe8, 0x0000000701a00000| 99%| O|  |TS  0|AC  0|TAMS 0x0000000701900000, 0x0000000701900000|
|  26|0x0000000701a00000, 0x0000000701b00000, 0x0000000701b00000|100%| O|  |TS  0|AC  0|TAMS 0x0000000701a00000, 0x0000000701a00000|
|  27|0x0000000701b00000, 0x0000000701bffff0, 0x0000000701c00000| 99%| O|  |TS  0|AC  0|TAMS 0x0000000701b00000, 0x0000000701b00000|
|  28|0x0000000701c00000, 0x0000000701cfffc8, 0x0000000701d00000| 99%| O|  |TS  0|AC  0|TAMS 0x0000000701c00000, 0x0000000701c00000|
|  29|0x0000000701d00000, 0x0000000701dfffc8, 0x0000000701e00000| 99%| O|  |TS  0|AC  0|TAMS 0x0000000701d00000, 0x0000000701d00000|
|  30|0x0000000701e00000, 0x0000000701effe60, 0x0000000701f00000| 99%| O|  |TS  0|AC  0|TAMS 0x0000000701e00000, 0x0000000701e00000|
|  31|0x0000000701f00000, 0x0000000701ffffc0, 0x0000000702000000| 99%| O|  |TS  0|AC  0|TAMS 0x0000000701f00000, 0x0000000701f00000|
|  32|0x0000000702000000, 0x0000000702100000, 0x0000000702100000|100%| O|  |TS  0|AC  0|TAMS 0x0000000702000000, 0x0000000702000000|
|  33|0x0000000702100000, 0x0000000702200000, 0x0000000702200000|100%| O|  |TS  0|AC  0|TAMS 0x0000000702100000, 0x0000000702100000|
|  34|0x0000000702200000, 0x00000007022ffff8, 0x0000000702300000| 99%| O|  |TS  0|AC  0|TAMS 0x0000000702200000, 0x0000000702200000|
|  35|0x0000000702300000, 0x00000007023ffff8, 0x0000000702400000| 99%| O|  |TS  0|AC  0|TAMS 0x0000000702300000, 0x0000000702300000|
|  36|0x0000000702400000, 0x00000007024f67c8, 0x0000000702500000| 96%| O|  |TS  0|AC  0|TAMS 0x0000000702400000, 0x0000000702400000|
|  37|0x0000000702500000, 0x0000000702600000, 0x0000000702600000|100%| O|  |TS  0|AC  0|TAMS 0x0000000702500000, 0x0000000702500000|
|  38|0x0000000702600000, 0x00000007026ffff8, 0x0000000702700000| 99%| O|  |TS  0|AC  0|TAMS 0x0000000702600000, 0x0000000702600000|
|  39|0x0000000702700000, 0x00000007027fffb0, 0x0000000702800000| 99%| O|  |TS  0|AC  0|TAMS 0x0000000702700000, 0x0000000702700000|
|  40|0x0000000702800000, 0x00000007028ffff0, 0x0000000702900000| 99%| O|  |TS  0|AC  0|TAMS 0x0000000702800000, 0x0000000702800000|
|  41|0x0000000702900000, 0x0000000702a00000, 0x0000000702a00000|100%|HS|  |TS  0|AC  0|TAMS 0x0000000702900000, 0x0000000702900000|
|  42|0x0000000702a00000, 0x0000000702b00000, 0x0000000702b00000|100%|HC|  |TS  0|AC  0|TAMS 0x0000000702a00000, 0x0000000702a00000|
|  43|0x0000000702b00000, 0x0000000702c00000, 0x0000000702c00000|100%|HC|  |TS  0|AC  0|TAMS 0x0000000702b00000, 0x0000000702b00000|
|  44|0x0000000702c00000, 0x0000000702d00000, 0x0000000702d00000|100%|HC|  |TS  0|AC  0|TAMS 0x0000000702c00000, 0x0000000702c00000|
|  45|0x0000000702d00000, 0x0000000702dffff8, 0x0000000702e00000| 99%| O|  |TS  0|AC  0|TAMS 0x0000000702d00000, 0x0000000702d00000|
|  46|0x0000000702e00000, 0x0000000702effff8, 0x0000000702f00000| 99%| O|  |TS  0|AC  0|TAMS 0x0000000702e00000, 0x0000000702e00000|
|  47|0x0000000702f00000, 0x0000000702fffff8, 0x0000000703000000| 99%| O|  |TS  0|AC  0|TAMS 0x0000000702f00000, 0x0000000702f00000|
|  48|0x0000000703000000, 0x00000007030ffeb0, 0x0000000703100000| 99%| O|  |TS  0|AC  0|TAMS 0x0000000703000000, 0x0000000703000000|
|  49|0x0000000703100000, 0x00000007031ff6a8, 0x0000000703200000| 99%| O|  |TS  0|AC  0|TAMS 0x0000000703100000, 0x0000000703100000|
|  50|0x0000000703200000, 0x00000007032fffb0, 0x0000000703300000| 99%| O|  |TS  0|AC  0|TAMS 0x0000000703200000, 0x0000000703200000|
|  51|0x0000000703300000, 0x00000007033fffd8, 0x0000000703400000| 99%| O|  |TS  0|AC  0|TAMS 0x0000000703300000, 0x0000000703300000|
|  52|0x0000000703400000, 0x00000007034fffe8, 0x0000000703500000| 99%| O|  |TS  0|AC  0|TAMS 0x0000000703400000, 0x0000000703400000|
|  53|0x0000000703500000, 0x00000007035ffff8, 0x0000000703600000| 99%| O|  |TS  0|AC  0|TAMS 0x0000000703500000, 0x0000000703500000|
|  54|0x0000000703600000, 0x00000007036ffff8, 0x0000000703700000| 99%| O|  |TS  0|AC  0|TAMS 0x0000000703600000, 0x0000000703600000|
|  55|0x0000000703700000, 0x00000007037fffe8, 0x0000000703800000| 99%| O|  |TS  0|AC  0|TAMS 0x0000000703700000, 0x0000000703700000|
|  56|0x0000000703800000, 0x00000007038ffff8, 0x0000000703900000| 99%| O|  |TS  0|AC  0|TAMS 0x0000000703800000, 0x0000000703800000|
|  57|0x0000000703900000, 0x00000007039fffd8, 0x0000000703a00000| 99%| O|  |TS  0|AC  0|TAMS 0x0000000703900000, 0x0000000703900000|
|  58|0x0000000703a00000, 0x0000000703affff0, 0x0000000703b00000| 99%| O|  |TS  0|AC  0|TAMS 0x0000000703a00000, 0x0000000703a00000|
|  59|0x0000000703b00000, 0x0000000703bffff8, 0x0000000703c00000| 99%| O|  |TS  0|AC  0|TAMS 0x0000000703b00000, 0x0000000703b00000|
|  60|0x0000000703c00000, 0x0000000703d00000, 0x0000000703d00000|100%| O|  |TS  0|AC  0|TAMS 0x0000000703c00000, 0x0000000703c00000|
|  61|0x0000000703d00000, 0x0000000703dfffe8, 0x0000000703e00000| 99%| O|  |TS  0|AC  0|TAMS 0x0000000703d00000, 0x0000000703d00000|
|  62|0x0000000703e00000, 0x0000000703effff0, 0x0000000703f00000| 99%| O|  |TS  0|AC  0|TAMS 0x0000000703e00000, 0x0000000703e00000|
|  63|0x0000000703f00000, 0x0000000704000000, 0x0000000704000000|100%| O|  |TS  0|AC  0|TAMS 0x0000000703f00000, 0x0000000703f00000|
|  64|0x0000000704000000, 0x00000007040fffd8, 0x0000000704100000| 99%| O|  |TS  0|AC  0|TAMS 0x0000000704000000, 0x0000000704000000|
|  65|0x0000000704100000, 0x0000000704200000, 0x0000000704200000|100%| O|  |TS  0|AC  0|TAMS 0x0000000704100000, 0x0000000704100000|
|  66|0x0000000704200000, 0x0000000704300000, 0x0000000704300000|100%| O|  |TS  0|AC  0|TAMS 0x0000000704200000, 0x0000000704200000|
|  67|0x0000000704300000, 0x00000007043ffff8, 0x0000000704400000| 99%| O|  |TS  0|AC  0|TAMS 0x0000000704300000, 0x0000000704300000|
|  68|0x0000000704400000, 0x00000007044ffff0, 0x0000000704500000| 99%| O|  |TS  0|AC  0|TAMS 0x0000000704400000, 0x0000000704400000|
|  69|0x0000000704500000, 0x000000070456aa48, 0x0000000704600000| 41%| O|  |TS  0|AC  0|TAMS 0x0000000704500000, 0x0000000704500000|
|  70|0x0000000704600000, 0x0000000704700000, 0x0000000704700000|100%| O|  |TS 75|AC  0|TAMS 0x0000000704600000, 0x0000000704600000|
|  71|0x0000000704700000, 0x0000000704800000, 0x0000000704800000|100%| O|  |TS 57|AC  0|TAMS 0x0000000704700000, 0x0000000704700000|
|  72|0x0000000704800000, 0x0000000704900000, 0x0000000704900000|100%|HS|  |TS  0|AC  0|TAMS 0x0000000704800000, 0x0000000704800000|
|  73|0x0000000704900000, 0x0000000704a00000, 0x0000000704a00000|100%| O|  |TS 95|AC  0|TAMS 0x0000000704900000, 0x0000000704900000|
|  74|0x0000000704a00000, 0x0000000704b00000, 0x0000000704b00000|100%| O|  |TS 97|AC  0|TAMS 0x0000000704a00000, 0x0000000704a00000|
|  75|0x0000000704b00000, 0x0000000704c00000, 0x0000000704c00000|100%| O|  |TS117|AC  0|TAMS 0x0000000704b00000, 0x0000000704b00000|
|  76|0x0000000704c00000, 0x0000000704d00000, 0x0000000704d00000|100%|HS|  |TS  0|AC  0|TAMS 0x0000000704c00000, 0x0000000704c00000|
|  77|0x0000000704d00000, 0x0000000704e00000, 0x0000000704e00000|100%| O|  |TS129|AC  0|TAMS 0x0000000704d00000, 0x0000000704d00000|
|  78|0x0000000704e00000, 0x0000000704f00000, 0x0000000704f00000|100%| O|  |TS137|AC  0|TAMS 0x0000000704e00000, 0x0000000704e00000|
|  79|0x0000000704f00000, 0x0000000705000000, 0x0000000705000000|100%| O|  |TS153|AC  0|TAMS 0x0000000704f00000, 0x0000000704f00000|
|  80|0x0000000705000000, 0x0000000705051200, 0x0000000705100000| 31%| O|  |TS165|AC  0|TAMS 0x0000000705000000, 0x0000000705000000|
|  81|0x0000000705100000, 0x0000000705100000, 0x0000000705200000|  0%| F|  |TS  0|AC  0|TAMS 0x0000000705100000, 0x0000000705100000|
|  82|0x0000000705200000, 0x0000000705200000, 0x0000000705300000|  0%| F|  |TS  0|AC  0|TAMS 0x0000000705200000, 0x0000000705200000|
|  83|0x0000000705300000, 0x0000000705300000, 0x0000000705400000|  0%| F|  |TS  0|AC  0|TAMS 0x0000000705300000, 0x0000000705300000|
|  84|0x0000000705400000, 0x0000000705400000, 0x0000000705500000|  0%| F|  |TS  0|AC  0|TAMS 0x0000000705400000, 0x0000000705400000|
|  85|0x0000000705500000, 0x0000000705600000, 0x0000000705600000|100%|HS|  |TS  0|AC  0|TAMS 0x0000000705500000, 0x0000000705500000|
|  86|0x0000000705600000, 0x0000000705600000, 0x0000000705700000|  0%| F|  |TS  0|AC  0|TAMS 0x0000000705600000, 0x0000000705600000|
|  87|0x0000000705700000, 0x0000000705700000, 0x0000000705800000|  0%| F|  |TS  0|AC  0|TAMS 0x0000000705700000, 0x0000000705700000|
|  88|0x0000000705800000, 0x0000000705800000, 0x0000000705900000|  0%| F|  |TS  0|AC  0|TAMS 0x0000000705800000, 0x0000000705800000|
|  89|0x0000000705900000, 0x0000000705900000, 0x0000000705a00000|  0%| F|  |TS  0|AC  0|TAMS 0x0000000705900000, 0x0000000705900000|
|  90|0x0000000705a00000, 0x0000000705a00000, 0x0000000705b00000|  0%| F|  |TS  0|AC  0|TAMS 0x0000000705a00000, 0x0000000705a00000|
|  91|0x0000000705b00000, 0x0000000705b00000, 0x0000000705c00000|  0%| F|  |TS  0|AC  0|TAMS 0x0000000705b00000, 0x0000000705b00000|
|  92|0x0000000705c00000, 0x0000000705c00000, 0x0000000705d00000|  0%| F|  |TS  0|AC  0|TAMS 0x0000000705c00000, 0x0000000705c00000|
|  93|0x0000000705d00000, 0x0000000705d00000, 0x0000000705e00000|  0%| F|  |TS  0|AC  0|TAMS 0x0000000705d00000, 0x0000000705d00000|
|  94|0x0000000705e00000, 0x0000000705e00000, 0x0000000705f00000|  0%| F|  |TS  0|AC  0|TAMS 0x0000000705e00000, 0x0000000705e00000|
|  95|0x0000000705f00000, 0x0000000705f00000, 0x0000000706000000|  0%| F|  |TS  0|AC  0|TAMS 0x0000000705f00000, 0x0000000705f00000|
|  96|0x0000000706000000, 0x0000000706000000, 0x0000000706100000|  0%| F|  |TS  0|AC  0|TAMS 0x0000000706000000, 0x0000000706000000|
|  97|0x0000000706100000, 0x0000000706100000, 0x0000000706200000|  0%| F|  |TS  0|AC  0|TAMS 0x0000000706100000, 0x0000000706100000|
|  98|0x0000000706200000, 0x0000000706200000, 0x0000000706300000|  0%| F|  |TS  0|AC  0|TAMS 0x0000000706200000, 0x0000000706200000|
|  99|0x0000000706300000, 0x0000000706300000, 0x0000000706400000|  0%| F|  |TS  0|AC  0|TAMS 0x0000000706300000, 0x0000000706300000|
| 100|0x0000000706400000, 0x0000000706400000, 0x0000000706500000|  0%| F|  |TS  0|AC  0|TAMS 0x0000000706400000, 0x0000000706400000|
| 101|0x0000000706500000, 0x0000000706500000, 0x0000000706600000|  0%| F|  |TS  0|AC  0|TAMS 0x0000000706500000, 0x0000000706500000|
| 102|0x0000000706600000, 0x0000000706600000, 0x0000000706700000|  0%| F|  |TS  0|AC  0|TAMS 0x0000000706600000, 0x0000000706600000|
| 103|0x0000000706700000, 0x0000000706700000, 0x0000000706800000|  0%| F|  |TS  0|AC  0|TAMS 0x0000000706700000, 0x0000000706700000|
| 104|0x0000000706800000, 0x0000000706800000, 0x0000000706900000|  0%| F|  |TS  0|AC  0|TAMS 0x0000000706800000, 0x0000000706800000|
| 105|0x0000000706900000, 0x0000000706900000, 0x0000000706a00000|  0%| F|  |TS  0|AC  0|TAMS 0x0000000706900000, 0x0000000706900000|
| 106|0x0000000706a00000, 0x0000000706a00000, 0x0000000706b00000|  0%| F|  |TS  0|AC  0|TAMS 0x0000000706a00000, 0x0000000706a00000|
| 107|0x0000000706b00000, 0x0000000706b00000, 0x0000000706c00000|  0%| F|  |TS  0|AC  0|TAMS 0x0000000706b00000, 0x0000000706b00000|
| 108|0x0000000706c00000, 0x0000000706c00000, 0x0000000706d00000|  0%| F|  |TS  0|AC  0|TAMS 0x0000000706c00000, 0x0000000706c00000|
| 109|0x0000000706d00000, 0x0000000706d00000, 0x0000000706e00000|  0%| F|  |TS  0|AC  0|TAMS 0x0000000706d00000, 0x0000000706d00000|
| 110|0x0000000706e00000, 0x0000000706e00000, 0x0000000706f00000|  0%| F|  |TS  0|AC  0|TAMS 0x0000000706e00000, 0x0000000706e00000|
| 111|0x0000000706f00000, 0x0000000706f00000, 0x0000000707000000|  0%| F|  |TS  0|AC  0|TAMS 0x0000000706f00000, 0x0000000706f00000|
| 112|0x0000000707000000, 0x0000000707000000, 0x0000000707100000|  0%| F|  |TS  0|AC  0|TAMS 0x0000000707000000, 0x0000000707000000|
| 113|0x0000000707100000, 0x0000000707100000, 0x0000000707200000|  0%| F|  |TS  0|AC  0|TAMS 0x0000000707100000, 0x0000000707100000|
| 114|0x0000000707200000, 0x0000000707200000, 0x0000000707300000|  0%| F|  |TS  0|AC  0|TAMS 0x0000000707200000, 0x0000000707200000|
| 115|0x0000000707300000, 0x0000000707300000, 0x0000000707400000|  0%| F|  |TS  0|AC  0|TAMS 0x0000000707300000, 0x0000000707300000|
| 116|0x0000000707400000, 0x0000000707400000, 0x0000000707500000|  0%| F|  |TS  0|AC  0|TAMS 0x0000000707400000, 0x0000000707400000|
| 117|0x0000000707500000, 0x0000000707500000, 0x0000000707600000|  0%| F|  |TS  0|AC  0|TAMS 0x0000000707500000, 0x0000000707500000|
| 118|0x0000000707600000, 0x0000000707600000, 0x0000000707700000|  0%| F|  |TS  0|AC  0|TAMS 0x0000000707600000, 0x0000000707600000|
| 119|0x0000000707700000, 0x0000000707700000, 0x0000000707800000|  0%| F|  |TS  0|AC  0|TAMS 0x0000000707700000, 0x0000000707700000|
| 120|0x0000000707800000, 0x0000000707800000, 0x0000000707900000|  0%| F|  |TS  0|AC  0|TAMS 0x0000000707800000, 0x0000000707800000|
| 121|0x0000000707900000, 0x0000000707900000, 0x0000000707a00000|  0%| F|  |TS  0|AC  0|TAMS 0x0000000707900000, 0x0000000707900000|
| 122|0x0000000707a00000, 0x0000000707a00000, 0x0000000707b00000|  0%| F|  |TS  0|AC  0|TAMS 0x0000000707a00000, 0x0000000707a00000|
| 123|0x0000000707b00000, 0x0000000707b00000, 0x0000000707c00000|  0%| F|  |TS  0|AC  0|TAMS 0x0000000707b00000, 0x0000000707b00000|
| 124|0x0000000707c00000, 0x0000000707c00000, 0x0000000707d00000|  0%| F|  |TS  0|AC  0|TAMS 0x0000000707c00000, 0x0000000707c00000|
| 125|0x0000000707d00000, 0x0000000707d00000, 0x0000000707e00000|  0%| F|  |TS  0|AC  0|TAMS 0x0000000707d00000, 0x0000000707d00000|
| 126|0x0000000707e00000, 0x0000000707e00000, 0x0000000707f00000|  0%| F|  |TS  0|AC  0|TAMS 0x0000000707e00000, 0x0000000707e00000|
| 127|0x0000000707f00000, 0x0000000707f00000, 0x0000000708000000|  0%| F|  |TS  0|AC  0|TAMS 0x0000000707f00000, 0x0000000707f00000|
| 128|0x0000000708000000, 0x0000000708000000, 0x0000000708100000|  0%| F|  |TS  0|AC  0|TAMS 0x0000000708000000, 0x0000000708000000|
| 129|0x0000000708100000, 0x0000000708100000, 0x0000000708200000|  0%| F|  |TS  0|AC  0|TAMS 0x0000000708100000, 0x0000000708100000|
| 130|0x0000000708200000, 0x0000000708200000, 0x0000000708300000|  0%| F|  |TS  0|AC  0|TAMS 0x0000000708200000, 0x0000000708200000|
| 131|0x0000000708300000, 0x0000000708300000, 0x0000000708400000|  0%| F|  |TS  0|AC  0|TAMS 0x0000000708300000, 0x0000000708300000|
| 132|0x0000000708400000, 0x0000000708400000, 0x0000000708500000|  0%| F|  |TS  0|AC  0|TAMS 0x0000000708400000, 0x0000000708400000|
| 133|0x0000000708500000, 0x0000000708500000, 0x0000000708600000|  0%| F|  |TS  0|AC  0|TAMS 0x0000000708500000, 0x0000000708500000|
| 134|0x0000000708600000, 0x0000000708600000, 0x0000000708700000|  0%| F|  |TS  0|AC  0|TAMS 0x0000000708600000, 0x0000000708600000|
| 135|0x0000000708700000, 0x0000000708700000, 0x0000000708800000|  0%| F|  |TS  0|AC  0|TAMS 0x0000000708700000, 0x0000000708700000|
| 136|0x0000000708800000, 0x0000000708800000, 0x0000000708900000|  0%| F|  |TS  0|AC  0|TAMS 0x0000000708800000, 0x0000000708800000|
| 137|0x0000000708900000, 0x0000000708900000, 0x0000000708a00000|  0%| F|  |TS  0|AC  0|TAMS 0x0000000708900000, 0x0000000708900000|
| 138|0x0000000708a00000, 0x0000000708a00000, 0x0000000708b00000|  0%| F|  |TS  0|AC  0|TAMS 0x0000000708a00000, 0x0000000708a00000|
| 139|0x0000000708b00000, 0x0000000708b00000, 0x0000000708c00000|  0%| F|  |TS  0|AC  0|TAMS 0x0000000708b00000, 0x0000000708b00000|
| 140|0x0000000708c00000, 0x0000000708c00000, 0x0000000708d00000|  0%| F|  |TS  0|AC  0|TAMS 0x0000000708c00000, 0x0000000708c00000|
| 141|0x0000000708d00000, 0x0000000708d00000, 0x0000000708e00000|  0%| F|  |TS  0|AC  0|TAMS 0x0000000708d00000, 0x0000000708d00000|
| 142|0x0000000708e00000, 0x0000000708e00000, 0x0000000708f00000|  0%| F|  |TS  0|AC  0|TAMS 0x0000000708e00000, 0x0000000708e00000|
| 143|0x0000000708f00000, 0x0000000708f00000, 0x0000000709000000|  0%| F|  |TS129|AC  0|TAMS 0x0000000708f00000, 0x0000000708f00000|
| 144|0x0000000709000000, 0x0000000709000000, 0x0000000709100000|  0%| F|  |TS129|AC  0|TAMS 0x0000000709000000, 0x0000000709000000|
| 145|0x0000000709100000, 0x0000000709100000, 0x0000000709200000|  0%| F|  |TS137|AC  0|TAMS 0x0000000709100000, 0x0000000709100000|
| 146|0x0000000709200000, 0x0000000709200000, 0x0000000709300000|  0%| F|  |TS165|AC  0|TAMS 0x0000000709200000, 0x0000000709200000|
| 147|0x0000000709300000, 0x0000000709300000, 0x0000000709400000|  0%| F|  |TS165|AC  0|TAMS 0x0000000709300000, 0x0000000709300000|
| 148|0x0000000709400000, 0x0000000709400000, 0x0000000709500000|  0%| F|  |TS163|AC  0|TAMS 0x0000000709400000, 0x0000000709400000|
| 149|0x0000000709500000, 0x0000000709600000, 0x0000000709600000|100%| S|CS|TS165|AC  0|TAMS 0x0000000709500000, 0x0000000709500000|
| 150|0x0000000709600000, 0x0000000709600000, 0x0000000709700000|  0%| F|  |TS165|AC  0|TAMS 0x0000000709600000, 0x0000000709600000|
| 151|0x0000000709700000, 0x0000000709700000, 0x0000000709800000|  0%| F|  |TS165|AC  0|TAMS 0x0000000709700000, 0x0000000709700000|
| 152|0x0000000709800000, 0x0000000709800000, 0x0000000709900000|  0%| F|  |TS165|AC  0|TAMS 0x0000000709800000, 0x0000000709800000|
| 153|0x0000000709900000, 0x0000000709900000, 0x0000000709a00000|  0%| F|  |TS165|AC  0|TAMS 0x0000000709900000, 0x0000000709900000|
| 154|0x0000000709a00000, 0x0000000709a00000, 0x0000000709b00000|  0%| F|  |TS165|AC  0|TAMS 0x0000000709a00000, 0x0000000709a00000|
| 155|0x0000000709b00000, 0x0000000709b00000, 0x0000000709c00000|  0%| F|  |TS165|AC  0|TAMS 0x0000000709b00000, 0x0000000709b00000|
| 156|0x0000000709c00000, 0x0000000709c00000, 0x0000000709d00000|  0%| F|  |TS165|AC  0|TAMS 0x0000000709c00000, 0x0000000709c00000|
| 157|0x0000000709d00000, 0x0000000709d00000, 0x0000000709e00000|  0%| F|  |TS165|AC  0|TAMS 0x0000000709d00000, 0x0000000709d00000|
| 158|0x0000000709e00000, 0x0000000709e00000, 0x0000000709f00000|  0%| F|  |TS165|AC  0|TAMS 0x0000000709e00000, 0x0000000709e00000|
| 159|0x0000000709f00000, 0x0000000709f00000, 0x000000070a000000|  0%| F|  |TS165|AC  0|TAMS 0x0000000709f00000, 0x0000000709f00000|
| 160|0x000000070a000000, 0x000000070a000000, 0x000000070a100000|  0%| F|  |TS165|AC  0|TAMS 0x000000070a000000, 0x000000070a000000|
| 161|0x000000070a100000, 0x000000070a100000, 0x000000070a200000|  0%| F|  |TS165|AC  0|TAMS 0x000000070a100000, 0x000000070a100000|
| 162|0x000000070a200000, 0x000000070a200000, 0x000000070a300000|  0%| F|  |TS165|AC  0|TAMS 0x000000070a200000, 0x000000070a200000|
| 163|0x000000070a300000, 0x000000070a300000, 0x000000070a400000|  0%| F|  |TS165|AC  0|TAMS 0x000000070a300000, 0x000000070a300000|
| 164|0x000000070a400000, 0x000000070a400000, 0x000000070a500000|  0%| F|  |TS165|AC  0|TAMS 0x000000070a400000, 0x000000070a400000|
| 165|0x000000070a500000, 0x000000070a59f520, 0x000000070a600000| 62%| E|  |TS165|AC  0|TAMS 0x000000070a500000, 0x000000070a500000|
| 166|0x000000070a600000, 0x000000070a700000, 0x000000070a700000|100%| E|CS|TS165|AC  0|TAMS 0x000000070a600000, 0x000000070a600000|
| 167|0x000000070a700000, 0x000000070a800000, 0x000000070a800000|100%| E|CS|TS165|AC  0|TAMS 0x000000070a700000, 0x000000070a700000|
| 168|0x000000070a800000, 0x000000070a900000, 0x000000070a900000|100%| E|CS|TS165|AC  0|TAMS 0x000000070a800000, 0x000000070a800000|
| 169|0x000000070a900000, 0x000000070aa00000, 0x000000070aa00000|100%| E|CS|TS165|AC  0|TAMS 0x000000070a900000, 0x000000070a900000|
| 170|0x000000070aa00000, 0x000000070ab00000, 0x000000070ab00000|100%| E|CS|TS165|AC  0|TAMS 0x000000070aa00000, 0x000000070aa00000|
| 171|0x000000070ab00000, 0x000000070ac00000, 0x000000070ac00000|100%| E|CS|TS165|AC  0|TAMS 0x000000070ab00000, 0x000000070ab00000|
| 172|0x000000070ac00000, 0x000000070ad00000, 0x000000070ad00000|100%| E|CS|TS165|AC  0|TAMS 0x000000070ac00000, 0x000000070ac00000|
| 173|0x000000070ad00000, 0x000000070ae00000, 0x000000070ae00000|100%| E|CS|TS165|AC  0|TAMS 0x000000070ad00000, 0x000000070ad00000|
| 174|0x000000070ae00000, 0x000000070af00000, 0x000000070af00000|100%| E|CS|TS165|AC  0|TAMS 0x000000070ae00000, 0x000000070ae00000|
| 175|0x000000070af00000, 0x000000070b000000, 0x000000070b000000|100%| E|CS|TS165|AC  0|TAMS 0x000000070af00000, 0x000000070af00000|
| 176|0x000000070b000000, 0x000000070b100000, 0x000000070b100000|100%| E|CS|TS165|AC  0|TAMS 0x000000070b000000, 0x000000070b000000|
| 177|0x000000070b100000, 0x000000070b200000, 0x000000070b200000|100%| E|CS|TS165|AC  0|TAMS 0x000000070b100000, 0x000000070b100000|
| 178|0x000000070b200000, 0x000000070b300000, 0x000000070b300000|100%| E|CS|TS165|AC  0|TAMS 0x000000070b200000, 0x000000070b200000|
| 179|0x000000070b300000, 0x000000070b400000, 0x000000070b400000|100%| E|CS|TS165|AC  0|TAMS 0x000000070b300000, 0x000000070b300000|
| 180|0x000000070b400000, 0x000000070b500000, 0x000000070b500000|100%| E|CS|TS165|AC  0|TAMS 0x000000070b400000, 0x000000070b400000|
| 181|0x000000070b500000, 0x000000070b600000, 0x000000070b600000|100%| E|CS|TS165|AC  0|TAMS 0x000000070b500000, 0x000000070b500000|
| 182|0x000000070b600000, 0x000000070b700000, 0x000000070b700000|100%| E|CS|TS165|AC  0|TAMS 0x000000070b600000, 0x000000070b600000|
| 183|0x000000070b700000, 0x000000070b800000, 0x000000070b800000|100%| E|CS|TS165|AC  0|TAMS 0x000000070b700000, 0x000000070b700000|
| 184|0x000000070b800000, 0x000000070b900000, 0x000000070b900000|100%| E|CS|TS165|AC  0|TAMS 0x000000070b800000, 0x000000070b800000|
| 185|0x000000070b900000, 0x000000070ba00000, 0x000000070ba00000|100%| E|CS|TS165|AC  0|TAMS 0x000000070b900000, 0x000000070b900000|
| 186|0x000000070ba00000, 0x000000070bb00000, 0x000000070bb00000|100%| E|CS|TS165|AC  0|TAMS 0x000000070ba00000, 0x000000070ba00000|
| 187|0x000000070bb00000, 0x000000070bc00000, 0x000000070bc00000|100%| E|CS|TS165|AC  0|TAMS 0x000000070bb00000, 0x000000070bb00000|
| 188|0x000000070bc00000, 0x000000070bd00000, 0x000000070bd00000|100%| E|CS|TS165|AC  0|TAMS 0x000000070bc00000, 0x000000070bc00000|
| 189|0x000000070bd00000, 0x000000070be00000, 0x000000070be00000|100%| E|CS|TS165|AC  0|TAMS 0x000000070bd00000, 0x000000070bd00000|
| 190|0x000000070be00000, 0x000000070bf00000, 0x000000070bf00000|100%| E|CS|TS165|AC  0|TAMS 0x000000070be00000, 0x000000070be00000|
| 191|0x000000070bf00000, 0x000000070c000000, 0x000000070c000000|100%| E|CS|TS165|AC  0|TAMS 0x000000070bf00000, 0x000000070bf00000|
| 192|0x000000070c000000, 0x000000070c100000, 0x000000070c100000|100%| E|CS|TS165|AC  0|TAMS 0x000000070c000000, 0x000000070c000000|
| 193|0x000000070c100000, 0x000000070c200000, 0x000000070c200000|100%| E|CS|TS165|AC  0|TAMS 0x000000070c100000, 0x000000070c100000|
| 194|0x000000070c200000, 0x000000070c300000, 0x000000070c300000|100%| E|CS|TS165|AC  0|TAMS 0x000000070c200000, 0x000000070c200000|
| 195|0x000000070c300000, 0x000000070c400000, 0x000000070c400000|100%| E|CS|TS165|AC  0|TAMS 0x000000070c300000, 0x000000070c300000|
| 196|0x000000070c400000, 0x000000070c500000, 0x000000070c500000|100%| E|CS|TS165|AC  0|TAMS 0x000000070c400000, 0x000000070c400000|
| 197|0x000000070c500000, 0x000000070c600000, 0x000000070c600000|100%| E|CS|TS165|AC  0|TAMS 0x000000070c500000, 0x000000070c500000|
| 198|0x000000070c600000, 0x000000070c700000, 0x000000070c700000|100%| E|CS|TS165|AC  0|TAMS 0x000000070c600000, 0x000000070c600000|
| 199|0x000000070c700000, 0x000000070c800000, 0x000000070c800000|100%| E|CS|TS165|AC  0|TAMS 0x000000070c700000, 0x000000070c700000|
| 200|0x000000070c800000, 0x000000070c900000, 0x000000070c900000|100%| E|CS|TS165|AC  0|TAMS 0x000000070c800000, 0x000000070c800000|
| 201|0x000000070c900000, 0x000000070ca00000, 0x000000070ca00000|100%| E|CS|TS165|AC  0|TAMS 0x000000070c900000, 0x000000070c900000|
| 202|0x000000070ca00000, 0x000000070cb00000, 0x000000070cb00000|100%| E|CS|TS165|AC  0|TAMS 0x000000070ca00000, 0x000000070ca00000|
| 203|0x000000070cb00000, 0x000000070cc00000, 0x000000070cc00000|100%| E|CS|TS165|AC  0|TAMS 0x000000070cb00000, 0x000000070cb00000|
| 204|0x000000070cc00000, 0x000000070cd00000, 0x000000070cd00000|100%| E|CS|TS165|AC  0|TAMS 0x000000070cc00000, 0x000000070cc00000|
| 205|0x000000070cd00000, 0x000000070ce00000, 0x000000070ce00000|100%| E|CS|TS165|AC  0|TAMS 0x000000070cd00000, 0x000000070cd00000|
| 206|0x000000070ce00000, 0x000000070cf00000, 0x000000070cf00000|100%| E|CS|TS165|AC  0|TAMS 0x000000070ce00000, 0x000000070ce00000|
| 207|0x000000070cf00000, 0x000000070d000000, 0x000000070d000000|100%| E|CS|TS165|AC  0|TAMS 0x000000070cf00000, 0x000000070cf00000|

Card table byte_map: [0x00000181a5500000,0x00000181a5b00000] byte_map_base: 0x00000181a1d00000

Marking Bits (Prev, Next): (CMBitMap*) 0x0000018188d846a0, (CMBitMap*) 0x0000018188d846d8
 Prev Bits: [0x00000181a6100000, 0x00000181a9100000)
 Next Bits: [0x00000181a9100000, 0x00000181ac100000)

Polling page: 0x0000018185f80000

CodeHeap 'non-profiled nmethods': size=120064Kb used=25733Kb max_used=25733Kb free=94330Kb
 bounds [0x000001819dfc0000, 0x000001819f8f0000, 0x00000181a5500000]
CodeHeap 'profiled nmethods': size=120000Kb used=48788Kb max_used=48788Kb free=71211Kb
 bounds [0x0000018196a90000, 0x0000018199a90000, 0x000001819dfc0000]
CodeHeap 'non-nmethods': size=5696Kb used=1815Kb max_used=1868Kb free=3880Kb
 bounds [0x0000018196500000, 0x0000018196770000, 0x0000018196a90000]
 total_blobs=35909 nmethods=19042 adapters=1167
 compilation: enabled

Compilation events (10 events):
Event: 3440.449 Thread 0x000001818ded9800 25058       3       ui.views.x.b.s::a (34 bytes)
Event: 3440.450 Thread 0x000001818ded9800 nmethod 25058 0x0000018199a86490 code [0x0000018199a86680, 0x0000018199a86d10]
Event: 3440.456 Thread 0x000001818ded9800 25059       1       ui.views.x.b.s::fAx (5 bytes)
Event: 3440.456 Thread 0x000001818ded9800 nmethod 25059 0x000001819f8df810 code [0x000001819f8df9c0, 0x000001819f8dfad8]
Event: 3451.989 Thread 0x0000018188def000 25060       4       ui.views.V.a.cl::g (9 bytes)
Event: 3451.993 Thread 0x0000018188def000 nmethod 25060 0x000001819f8dfb90 code [0x000001819f8dfd40, 0x000001819f8dfee8]
Event: 3452.177 Thread 0x0000018188def000 25061   !   4       java.nio.charset.CharsetDecoder::decode (287 bytes)
Event: 3452.187 Thread 0x0000018188def000 nmethod 25061 0x000001819f8e0110 code [0x000001819f8e0320, 0x000001819f8e0750]
Event: 3457.457 Thread 0x0000018188def000 25062       4       java.util.LinkedList::clone (53 bytes)
Event: 3457.468 Thread 0x0000018188def000 nmethod 25062 0x000001819f8e0d10 code [0x000001819f8e0ec0, 0x000001819f8e1498]

GC Heap History (10 events):
Event: 3402.804 GC heap before
{Heap before GC invocations=376 (full 5):
 garbage-first heap   total 212992K, used 143061K [0x0000000700000000, 0x0000000700100680, 0x00000007c0000000)
  region size 1024K, 60 young (61440K), 2 survivors (2048K)
 Metaspace       used 88711K, capacity 95529K, committed 95744K, reserved 1132544K
  class space    used 12087K, capacity 13283K, committed 13312K, reserved 1048576K
}
Event: 3402.815 GC heap after
{Heap after GC invocations=377 (full 5):
 garbage-first heap   total 212992K, used 83249K [0x0000000700000000, 0x0000000700100680, 0x00000007c0000000)
  region size 1024K, 2 young (2048K), 2 survivors (2048K)
 Metaspace       used 88711K, capacity 95529K, committed 95744K, reserved 1132544K
  class space    used 12087K, capacity 13283K, committed 13312K, reserved 1048576K
}
Event: 3406.644 GC heap before
{Heap before GC invocations=377 (full 5):
 garbage-first heap   total 212992K, used 142641K [0x0000000700000000, 0x0000000700100680, 0x00000007c0000000)
  region size 1024K, 60 young (61440K), 2 survivors (2048K)
 Metaspace       used 88714K, capacity 95529K, committed 95744K, reserved 1132544K
  class space    used 12087K, capacity 13283K, committed 13312K, reserved 1048576K
}
Event: 3406.658 GC heap after
{Heap after GC invocations=378 (full 5):
 garbage-first heap   total 212992K, used 83730K [0x0000000700000000, 0x0000000700100680, 0x00000007c0000000)
  region size 1024K, 2 young (2048K), 2 survivors (2048K)
 Metaspace       used 88714K, capacity 95529K, committed 95744K, reserved 1132544K
  class space    used 12087K, capacity 13283K, committed 13312K, reserved 1048576K
}
Event: 3410.532 GC heap before
{Heap before GC invocations=378 (full 5):
 garbage-first heap   total 212992K, used 143122K [0x0000000700000000, 0x0000000700100680, 0x00000007c0000000)
  region size 1024K, 60 young (61440K), 2 survivors (2048K)
 Metaspace       used 88714K, capacity 95529K, committed 95744K, reserved 1132544K
  class space    used 12087K, capacity 13283K, committed 13312K, reserved 1048576K
}
Event: 3410.541 GC heap after
{Heap after GC invocations=379 (full 5):
 garbage-first heap   total 212992K, used 83122K [0x0000000700000000, 0x0000000700100680, 0x00000007c0000000)
  region size 1024K, 1 young (1024K), 1 survivors (1024K)
 Metaspace       used 88714K, capacity 95529K, committed 95744K, reserved 1132544K
  class space    used 12087K, capacity 13283K, committed 13312K, reserved 1048576K
}
Event: 3424.064 GC heap before
{Heap before GC invocations=379 (full 5):
 garbage-first heap   total 212992K, used 143538K [0x0000000700000000, 0x0000000700100680, 0x00000007c0000000)
  region size 1024K, 60 young (61440K), 1 survivors (1024K)
 Metaspace       used 88717K, capacity 95529K, committed 95744K, reserved 1132544K
  class space    used 12087K, capacity 13283K, committed 13312K, reserved 1048576K
}
Event: 3424.075 GC heap after
{Heap after GC invocations=380 (full 5):
 garbage-first heap   total 212992K, used 83306K [0x0000000700000000, 0x0000000700100680, 0x00000007c0000000)
  region size 1024K, 2 young (2048K), 2 survivors (2048K)
 Metaspace       used 88717K, capacity 95529K, committed 95744K, reserved 1132544K
  class space    used 12087K, capacity 13283K, committed 13312K, reserved 1048576K
}
Event: 3443.498 GC heap before
{Heap before GC invocations=380 (full 5):
 garbage-first heap   total 212992K, used 142698K [0x0000000700000000, 0x0000000700100680, 0x00000007c0000000)
  region size 1024K, 60 young (61440K), 2 survivors (2048K)
 Metaspace       used 88744K, capacity 95529K, committed 95744K, reserved 1132544K
  class space    used 12087K, capacity 13283K, committed 13312K, reserved 1048576K
}
Event: 3443.508 GC heap after
{Heap after GC invocations=381 (full 5):
 garbage-first heap   total 212992K, used 83234K [0x0000000700000000, 0x0000000700100680, 0x00000007c0000000)
  region size 1024K, 1 young (1024K), 1 survivors (1024K)
 Metaspace       used 88744K, capacity 95529K, committed 95744K, reserved 1132544K
  class space    used 12087K, capacity 13283K, committed 13312K, reserved 1048576K
}

Deoptimization events (10 events):
Event: 3166.675 Thread 0x00000181affbe800 Uncommon trap: reason=class_check action=maybe_recompile pc=0x000001819e9875c0 method=javax.swing.plaf.synth.ParsedSynthStyle$DelegatingPainter.paintPanelBackground(Ljavax/swing/plaf/synth/SynthContext;Ljava/awt/Graphics;IIII)V @ 16 c2
Event: 3196.306 Thread 0x00000181affbe800 Uncommon trap: reason=class_check action=maybe_recompile pc=0x000001819eca9180 method=javax.swing.SwingUtilities.getUIInputMap(Ljavax/swing/JComponent;I)Ljavax/swing/InputMap; @ 17 c2
Event: 3210.551 Thread 0x00000181affbe800 Uncommon trap: reason=unstable_if action=reinterpret pc=0x000001819ee12d60 method=javax.swing.JTree.getPathForLocation(II)Ljavax/swing/tree/TreePath; @ 8 c2
Event: 3212.596 Thread 0x00000181affbe800 Uncommon trap: reason=unstable_if action=reinterpret pc=0x000001819f0e7ddc method=com.jidesoft.editor.folding.DefaultFoldingModel$b_.getTopLevelSpans()[Lcom/jidesoft/editor/folding/FoldingSpan; @ 10 c2
Event: 3212.596 Thread 0x00000181affbe800 Uncommon trap: reason=unstable_if action=reinterpret pc=0x000001819f699df0 method=com.jidesoft.editor.folding.DefaultFoldingModel$b_.getOutermostSpanAtOffset(I)Lcom/jidesoft/editor/folding/FoldingSpan; @ 14 c2
Event: 3212.907 Thread 0x00000181affbe800 Uncommon trap: reason=unstable_if action=reinterpret pc=0x000001819f0db868 method=com.jidesoft.editor.folding.DefaultFoldingModel$b_.getTopLevelSpans()[Lcom/jidesoft/editor/folding/FoldingSpan; @ 10 c2
Event: 3212.907 Thread 0x00000181affbe800 Uncommon trap: reason=unstable_if action=reinterpret pc=0x000001819ea9d35c method=com.jidesoft.editor.folding.DefaultFoldingModel$b_.getOutermostSpanAtOffset(I)Lcom/jidesoft/editor/folding/FoldingSpan; @ 14 c2
Event: 3212.960 Thread 0x00000181affbe800 Uncommon trap: reason=unstable_if action=reinterpret pc=0x000001819f3de3c8 method=com.jidesoft.editor.folding.DefaultFoldingModel$b_.getOutermostSpanAtOffset(I)Lcom/jidesoft/editor/folding/FoldingSpan; @ 14 c2
Event: 3278.247 Thread 0x00000181affbe800 Uncommon trap: reason=unstable_if action=reinterpret pc=0x000001819f53db3c method=com.jidesoft.editor.CodeEditorPainter.paint(Ljava/awt/Graphics;)V @ 116 c2
Event: 3397.356 Thread 0x00000181affbe800 Uncommon trap: reason=unstable_if action=reinterpret pc=0x000001819e886a4c method=com.jidesoft.editor.CodeEditor$r_.a()V @ 358 c2

Classes redefined (0 events):
No events

Internal exceptions (10 events):
Event: 3146.585 Thread 0x00000181ce42f000 Exception <a 'java/lang/InterruptedException'{0x000000070cf061e8}: sleep interrupted> (0x000000070cf061e8) thrown at [t:/workspace/hotspot/src/share/vm/prims/jvm.cpp, line 2984]
Event: 3150.660 Thread 0x00000181affbe800 Implicit null exception at 0x000001819e9d08b9 to 0x000001819e9d1341
Event: 3153.427 Thread 0x00000181affbe800 Implicit null exception at 0x000001819e43f0a2 to 0x000001819e43f465
Event: 3166.450 Thread 0x00000181ce42f000 Exception <a 'java/lang/InterruptedException'{0x000000070c11fbf8}: sleep interrupted> (0x000000070c11fbf8) thrown at [t:/workspace/hotspot/src/share/vm/prims/jvm.cpp, line 2984]
Event: 3218.600 Thread 0x00000181ce431800 Exception <a 'java/lang/InterruptedException'{0x000000070c88a660}: sleep interrupted> (0x000000070c88a660) thrown at [t:/workspace/hotspot/src/share/vm/prims/jvm.cpp, line 2984]
Event: 3248.419 Thread 0x00000181affbe800 Exception <a 'java/lang/NoSuchMethodError'{0x000000070b0f6380}: java.lang.invoke.DirectMethodHandle$Holder.invokeSpecial(Ljava/lang/Object;Ljava/lang/Object;IILjava/lang/Object;ILjava/lang/Object;Ljava/lang/Object;)Ljava/lang/Object;> (0x000000070b0f6380)
Event: 3248.419 Thread 0x00000181affbe800 Exception <a 'java/lang/NoSuchMethodError'{0x000000070b0f9988}: java.lang.invoke.DelegatingMethodHandle$Holder.reinvoke_L(Ljava/lang/Object;IILjava/lang/Object;ILjava/lang/Object;Ljava/lang/Object;)Ljava/lang/Object;> (0x000000070b0f9988) thrown at [t:/wo
Event: 3248.421 Thread 0x00000181affbe800 Exception <a 'java/lang/NoSuchMethodError'{0x000000070af1f348}: java.lang.invoke.DirectMethodHandle$Holder.invokeSpecial(Ljava/lang/Object;Ljava/lang/Object;Ljava/lang/Object;ILjava/lang/Object;Ljava/lang/Object;)Ljava/lang/Object;> (0x000000070af1f348) t
Event: 3394.161 Thread 0x00000181ce433000 Exception <a 'java/lang/InterruptedException'{0x000000070a300040}: sleep interrupted> (0x000000070a300040) thrown at [t:/workspace/hotspot/src/share/vm/prims/jvm.cpp, line 3023]
Event: 3410.723 Thread 0x00000181ce433000 Exception <a 'java/lang/InterruptedException'{0x000000070cf09ee8}: sleep interrupted> (0x000000070cf09ee8) thrown at [t:/workspace/hotspot/src/share/vm/prims/jvm.cpp, line 2984]

Events (10 events):
Event: 3456.422 Thread 0x00000181ce42f000 Thread added: 0x00000181ce42f000
Event: 3456.428 Thread 0x00000181ce433000 Thread added: 0x00000181ce433000
Event: 3456.453 Thread 0x00000181ce431800 Thread added: 0x00000181ce431800
Event: 3456.481 Thread 0x00000181ce42f000 Thread exited: 0x00000181ce42f000
Event: 3456.482 Thread 0x00000181ce431800 Thread exited: 0x00000181ce431800
Event: 3457.462 Thread 0x00000181ce42f000 Thread added: 0x00000181ce42f000
Event: 3457.480 Thread 0x00000181ce42f000 Thread exited: 0x00000181ce42f000
Event: 3458.012 Thread 0x00000181ce42f000 Thread added: 0x00000181ce42f000
Event: 3458.015 Thread 0x00000181ce434800 Thread added: 0x00000181ce434800
Event: 3458.027 Thread 0x00000181ce433000 Thread exited: 0x00000181ce433000


Dynamic libraries:
0x00007ff7b0cd0000 - 0x00007ff7b0d00000 	C:\Xilinx\Vivado\2019.1\bin\unwrapped\win64.o\vivado.exe
0x00007ffd41840000 - 0x00007ffd41aa3000 	C:\WINDOWS\SYSTEM32\ntdll.dll
0x00007ffd405c0000 - 0x00007ffd40687000 	C:\WINDOWS\System32\KERNEL32.DLL
0x00007ffd3ed60000 - 0x00007ffd3f129000 	C:\WINDOWS\System32\KERNELBASE.dll
0x00007ffd3f510000 - 0x00007ffd3f65c000 	C:\WINDOWS\System32\ucrtbase.dll
0x00007ffd29a80000 - 0x00007ffd29a94000 	C:\Xilinx\Vivado\2019.1\lib\win64.o\libboost_signals.dll
0x00007ffcdceb0000 - 0x00007ffcddd92000 	C:\Xilinx\Vivado\2019.1\lib\win64.o\librdi_common.dll
0x00007ffd298b0000 - 0x00007ffd298c4000 	C:\Xilinx\Vivado\2019.1\lib\win64.o\librdi_commonmain.dll
0x00007ffd3f9f0000 - 0x00007ffd3fbba000 	C:\WINDOWS\System32\USER32.dll
0x00007ffd3eaf0000 - 0x00007ffd3eb17000 	C:\WINDOWS\System32\win32u.dll
0x00007ffd17950000 - 0x00007ffd179dd000 	C:\WINDOWS\SYSTEM32\MSVCP140.dll
0x00007ffd410e0000 - 0x00007ffd4110a000 	C:\WINDOWS\System32\GDI32.dll
0x00007ffd3f3d0000 - 0x00007ffd3f501000 	C:\WINDOWS\System32\gdi32full.dll
0x00007ffd1b4b0000 - 0x00007ffd1b4ce000 	C:\WINDOWS\SYSTEM32\VCRUNTIME140.dll
0x00007ffd3ea40000 - 0x00007ffd3eae3000 	C:\WINDOWS\System32\msvcp_win.dll
0x00007ffd41190000 - 0x00007ffd41242000 	C:\WINDOWS\System32\ADVAPI32.dll
0x00007ffd3fef0000 - 0x00007ffd3ff99000 	C:\WINDOWS\System32\msvcrt.dll
0x00007ffd3fbc0000 - 0x00007ffd3fc66000 	C:\WINDOWS\System32\sechost.dll
0x00007ffd3fdd0000 - 0x00007ffd3fee6000 	C:\WINDOWS\System32\RPCRT4.dll
0x00007ffd40720000 - 0x00007ffd40e35000 	C:\WINDOWS\System32\SHELL32.dll
0x00007ffd25ac0000 - 0x00007ffd25ad4000 	C:\Xilinx\Vivado\2019.1\lib\win64.o\libboost_date_time.dll
0x00007ffd3f1c0000 - 0x00007ffd3f328000 	C:\WINDOWS\System32\wintypes.dll
0x00007ffd41360000 - 0x00007ffd416e2000 	C:\WINDOWS\System32\combase.dll
0x00007ffd25a60000 - 0x00007ffd25a86000 	C:\Xilinx\Vivado\2019.1\lib\win64.o\libboost_filesystem.dll
0x00007ffd16a80000 - 0x00007ffd16aff000 	C:\Xilinx\Vivado\2019.1\lib\win64.o\libboost_program_options.dll
0x00007ffcf4660000 - 0x00007ffcf49ce000 	C:\Xilinx\Vivado\2019.1\lib\win64.o\libCOIN-all.dll
0x00007ffd39680000 - 0x00007ffd3968b000 	C:\Xilinx\Vivado\2019.1\lib\win64.o\libboost_system.dll
0x00007ffd25a00000 - 0x00007ffd25a21000 	C:\Xilinx\Vivado\2019.1\lib\win64.o\libboost_thread.dll
0x00007ffd33460000 - 0x00007ffd3346f000 	C:\Xilinx\Vivado\2019.1\lib\win64.o\libboost_xilinx.dll
0x00007ffcfb540000 - 0x00007ffcfb5c2000 	C:\Xilinx\Vivado\2019.1\lib\win64.o\libhdlpsolve.dll
0x00007ffcf7160000 - 0x00007ffcf7205000 	C:\Xilinx\Vivado\2019.1\lib\win64.o\libhdxml.dll
0x00007ffcd74a0000 - 0x00007ffcd804f400 	C:\Xilinx\Vivado\2019.1\lib\win64.o\libisl_iostreams.dll
0x00007ffd259b0000 - 0x00007ffd259de000 	C:\Xilinx\Vivado\2019.1\lib\win64.o\libisl_sysinfo.dll
0x00007ffd41110000 - 0x00007ffd41184000 	C:\WINDOWS\System32\WS2_32.dll
0x00007ffcfdca0000 - 0x00007ffcfdd05000 	C:\Xilinx\Vivado\2019.1\lib\win64.o\liblmx6.0.dll
0x00007ffd25890000 - 0x00007ffd258aa000 	C:\Xilinx\Vivado\2019.1\lib\win64.o\pthreadVC2.dll
0x00007ffcf6850000 - 0x00007ffcf6971000 	C:\Xilinx\Vivado\2019.1\lib\win64.o\librdi_commonxillic.dll
0x00007ffd257f0000 - 0x00007ffd2580c000 	C:\Xilinx\Vivado\2019.1\lib\win64.o\librdiconfig.dll
0x00007ffd24f80000 - 0x00007ffd24fa1000 	C:\Xilinx\Vivado\2019.1\lib\win64.o\librdizlib.dll
0x00000000747c0000 - 0x00000000748eb000 	C:\Xilinx\Vivado\2019.1\lib\win64.o\tcl85t.dll
0x0000000012000000 - 0x0000000012270000 	C:\Xilinx\Vivado\2019.1\lib\win64.o\xerces-c_3_1.dll
0x00007ffd31dc0000 - 0x00007ffd31dca000 	C:\Xilinx\Vivado\2019.1\lib\win64.o\librdi_commonversion.dll
0x00007ffd2a210000 - 0x00007ffd2a21c000 	C:\WINDOWS\SYSTEM32\VCRUNTIME140_1.dll
0x00007ffd1c3c0000 - 0x00007ffd1c3da000 	C:\WINDOWS\SYSTEM32\NETAPI32.dll
0x00007ffd227f0000 - 0x00007ffd22a73000 	C:\WINDOWS\SYSTEM32\WININET.dll
0x00007ffd31e60000 - 0x00007ffd31f7e000 	C:\WINDOWS\SYSTEM32\WINHTTP.dll
0x00007ffd23fe0000 - 0x00007ffd241bc000 	C:\WINDOWS\SYSTEM32\urlmon.dll
0x00007ffd34040000 - 0x00007ffd3404a000 	C:\WINDOWS\SYSTEM32\WSOCK32.dll
0x00007ffcd6600000 - 0x00007ffcd7491000 	C:\Xilinx\Vivado\2019.1\lib\win64.o\gurobi65.dll
0x00007ffd24460000 - 0x00007ffd24490000 	C:\WINDOWS\SYSTEM32\VCOMP140.DLL
0x00007ffcf5930000 - 0x00007ffcf5a44000 	C:\Xilinx\Vivado\2019.1\lib\win64.o\libboost_regex.dll
0x00007ffd31b90000 - 0x00007ffd31b9d000 	C:\Xilinx\Vivado\2019.1\lib\win64.o\libboost_chrono.dll
0x00007ffd22500000 - 0x00007ffd2251b000 	C:\Xilinx\Vivado\2019.1\lib\win64.o\libboost_iostreams.dll
0x00007ffd1c370000 - 0x00007ffd1c395000 	C:\Xilinx\Vivado\2019.1\lib\win64.o\libisl_iosutils.dll
0x00007ffcf4380000 - 0x00007ffcf4658000 	C:\Xilinx\Vivado\2019.1\lib\win64.o\libXil_lmgr11.dll
0x00007ffd404c0000 - 0x00007ffd405b1000 	C:\WINDOWS\System32\COMDLG32.dll
0x00007ffd40e50000 - 0x00007ffd40f3b000 	C:\WINDOWS\System32\shcore.dll
0x00007ffd406c0000 - 0x00007ffd4071d000 	C:\WINDOWS\System32\SHLWAPI.dll
0x00007ffd3f720000 - 0x00007ffd3f7f6000 	C:\WINDOWS\System32\OLEAUT32.dll
0x00007ffd40f40000 - 0x00007ffd410d5000 	C:\WINDOWS\System32\ole32.dll
0x00007ffd23d10000 - 0x00007ffd23fda000 	C:\WINDOWS\SYSTEM32\iertutil.dll
0x00007ffd3f130000 - 0x00007ffd3f1af000 	C:\WINDOWS\System32\WINTRUST.dll
0x00007ffd3eb20000 - 0x00007ffd3ec97000 	C:\WINDOWS\System32\CRYPT32.dll
0x00007ffd3c760000 - 0x00007ffd3cfa5000 	C:\WINDOWS\SYSTEM32\windows.storage.dll
0x00007ffd1e020000 - 0x00007ffd1e0d4000 	C:\WINDOWS\WinSxS\amd64_microsoft.windows.common-controls_6595b64144ccf1df_5.82.26100.1882_none_87f34cef7a28f535\COMCTL32.dll
0x00007ffd31e00000 - 0x00007ffd31e25000 	C:\WINDOWS\SYSTEM32\dhcpcsvc.DLL
0x00007ffd290b0000 - 0x00007ffd290d9000 	C:\WINDOWS\SYSTEM32\srvcli.dll
0x00007ffd3d100000 - 0x00007ffd3d10d000 	C:\WINDOWS\SYSTEM32\netutils.dll
0x00007ffd412d0000 - 0x00007ffd412ff000 	C:\WINDOWS\System32\IMM32.DLL
0x00007ffd3e090000 - 0x00007ffd3e0a3000 	C:\WINDOWS\SYSTEM32\MSASN1.dll
0x00007ffd3d800000 - 0x00007ffd3d81a000 	C:\WINDOWS\SYSTEM32\kernel.appcore.dll
0x00007ffcf3e60000 - 0x00007ffcf4377000 	C:\Xilinx\Vivado\2019.1\lib\win64.o\librdi_commontasks.dll
0x0000000073d90000 - 0x00000000747b5000 	C:\Xilinx\Vivado\2019.1\tps\win64\jre9.0.4\bin\server\jvm.dll
0x00007ffceddc0000 - 0x00007ffcee046000 	C:\Xilinx\Vivado\2019.1\lib\win64.o\librdi_sio.dll
0x00007ffd3f660000 - 0x00007ffd3f668000 	C:\WINDOWS\System32\PSAPI.DLL
0x00007ffd2a660000 - 0x00007ffd2a696000 	C:\WINDOWS\SYSTEM32\WINMM.dll
0x00007ffd30bc0000 - 0x00007ffd30bcb000 	C:\WINDOWS\SYSTEM32\VERSION.dll
0x00007ffd3d350000 - 0x00007ffd3d383000 	C:\WINDOWS\SYSTEM32\IPHLPAPI.DLL
0x00007ffcf6b70000 - 0x00007ffcf6c5f000 	C:\WINDOWS\SYSTEM32\MSVCR120.dll
0x00007ffd3dd80000 - 0x00007ffd3ddea000 	C:\WINDOWS\SYSTEM32\MSWSOCK.DLL
0x00007ffcd3790000 - 0x00007ffcd5c4c000 	C:\Xilinx\Vivado\2019.1\lib\win64.o\librdi_tcltasks.dll
0x00007ffcf5790000 - 0x00007ffcf5921000 	C:\Xilinx\Vivado\2019.1\lib\win64.o\librdi_board.dll
0x00007ffced490000 - 0x00007ffced898000 	C:\Xilinx\Vivado\2019.1\lib\win64.o\librdi_bitstream.dll
0x00007ffced2d0000 - 0x00007ffced48d000 	C:\Xilinx\Vivado\2019.1\lib\win64.o\librdi_chipscopeimpl.dll
0x00007ffcf5610000 - 0x00007ffcf5688000 	C:\Xilinx\Vivado\2019.1\lib\win64.o\librdi_boarddep.dll
0x00007ffcc6cd0000 - 0x00007ffcc86ba000 	C:\Xilinx\Vivado\2019.1\lib\win64.o\librdi_constraints.dll
0x00007ffcf3900000 - 0x00007ffcf3a56000 	C:\Xilinx\Vivado\2019.1\lib\win64.o\librdi_containers.dll
0x00007ffcaf740000 - 0x00007ffcb15f1000 	C:\Xilinx\Vivado\2019.1\lib\win64.o\librdi_coregen.dll
0x00007ffce6f40000 - 0x00007ffce761a000 	C:\Xilinx\Vivado\2019.1\lib\win64.o\librdi_coregenipxact.dll
0x00007ffcab6f0000 - 0x00007ffcaf733000 	C:\Xilinx\Vivado\2019.1\lib\win64.o\librdi_designutils.dll
0x00007ffce99c0000 - 0x00007ffce9cde000 	C:\Xilinx\Vivado\2019.1\lib\win64.o\librdi_dlyest.dll
0x00007ffce8820000 - 0x00007ffce8dba000 	C:\Xilinx\Vivado\2019.1\lib\win64.o\librdi_drc.dll
0x00007ffcf1710000 - 0x00007ffcf17d4000 	C:\Xilinx\Vivado\2019.1\lib\win64.o\librdi_dsp.dll
0x00007ffcdc860000 - 0x00007ffcdcead000 	C:\Xilinx\Vivado\2019.1\lib\win64.o\librdi_filemgmt.dll
0x00007ffce8150000 - 0x00007ffce8433000 	C:\Xilinx\Vivado\2019.1\lib\win64.o\librdi_guitools.dll
0x00007ffcf6cd0000 - 0x00007ffcf6d35000 	C:\Xilinx\Vivado\2019.1\lib\win64.o\librdi_hdf.dll
0x00007ffcb1800000 - 0x00007ffcb2dc0000 	C:\Xilinx\Vivado\2019.1\lib\win64.o\librdi_implflow.dll
0x00007ffcd2dd0000 - 0x00007ffcd33e5000 	C:\Xilinx\Vivado\2019.1\lib\win64.o\librdi_memdata.dll
0x00007ffc992c0000 - 0x00007ffcab6ec000 	C:\Xilinx\Vivado\2019.1\lib\win64.o\librdi_device.dll
0x00007ffcf1690000 - 0x00007ffcf1703000 	C:\Xilinx\Vivado\2019.1\lib\win64.o\librdi_memoryarray.dll
0x00007ffcd2720000 - 0x00007ffcd2dc2000 	C:\Xilinx\Vivado\2019.1\lib\win64.o\librdi_netlist.dll
0x00007ffc965d0000 - 0x00007ffc992b6000 	C:\Xilinx\Vivado\2019.1\lib\win64.o\librdi_mig.dll
0x00007ffd176f0000 - 0x00007ffd1773b000 	C:\Xilinx\Vivado\2019.1\lib\win64.o\librdi_pfi.dll
0x00007ffce63f0000 - 0x00007ffce66ff000 	C:\Xilinx\Vivado\2019.1\lib\win64.o\librdi_platform.dll
0x00007ffc93f50000 - 0x00007ffc965c6000 	C:\Xilinx\Vivado\2019.1\lib\win64.o\librdi_place.dll
0x00007ffcb38d0000 - 0x00007ffcb401a000 	C:\Xilinx\Vivado\2019.1\lib\win64.o\librdi_power.dll
0x00007ffcf3d70000 - 0x00007ffcf3e5b000 	C:\Xilinx\Vivado\2019.1\lib\win64.o\librdi_chipscope.dll
0x00007ffcc6560000 - 0x00007ffcc6adf000 	C:\Xilinx\Vivado\2019.1\lib\win64.o\librdi_project.dll
0x00007ffcc5210000 - 0x00007ffcc5919000 	C:\Xilinx\Vivado\2019.1\lib\win64.o\librdi_psta.dll
0x00007ffcb31c0000 - 0x00007ffcb38c6000 	C:\Xilinx\Vivado\2019.1\lib\win64.o\librdi_rsb.dll
0x00007ffced1d0000 - 0x00007ffced2ca000 	C:\Xilinx\Vivado\2019.1\lib\win64.o\librdi_runsbase.dll
0x00007ffcd6200000 - 0x00007ffcd65f1000 	C:\Xilinx\Vivado\2019.1\lib\win64.o\librdi_runs.dll
0x00007ffce6190000 - 0x00007ffce63e6000 	C:\Xilinx\Vivado\2019.1\lib\win64.o\librdi_simdata.dll
0x00007ffc93130000 - 0x00007ffc93f41000 	C:\Xilinx\Vivado\2019.1\lib\win64.o\librdi_timing.dll
0x00007ffcf92d0000 - 0x00007ffcf931c000 	C:\Xilinx\Vivado\2019.1\lib\win64.o\libboost_serialization.dll
0x00007ffcecb10000 - 0x00007ffceccaf000 	C:\Xilinx\Vivado\2019.1\lib\win64.o\librdi_hip_devdesign.dll
0x00007ffcee680000 - 0x00007ffcee742000 	C:\Xilinx\Vivado\2019.1\lib\win64.o\librdi_ipconfig_readwrite.dll
0x00007ffcf6610000 - 0x00007ffcf6653000 	C:\Xilinx\Vivado\2019.1\lib\win64.o\librdi_noc_frameworks.dll
0x00007ffc925e0000 - 0x00007ffc93127000 	C:\Xilinx\Vivado\2019.1\lib\win64.o\libverific.dll
0x00007ffc921f0000 - 0x00007ffc925d5000 	C:\Xilinx\Vivado\2019.1\lib\win64.o\librdi_hip_config.dll
0x00007ffc91ca0000 - 0x00007ffc921ee000 	C:\Xilinx\Vivado\2019.1\lib\win64.o\librdi_xdm.dll
0x00007ffcee160000 - 0x00007ffcee1fe000 	C:\Xilinx\Vivado\2019.1\lib\win64.o\libise.dll
0x00007ffd17e00000 - 0x00007ffd17e40000 	C:\Xilinx\Vivado\2019.1\lib\win64.o\librdi_wavedata_SimpleApi.dll
0x00007ffc916a0000 - 0x00007ffc91c9c000 	C:\Xilinx\Vivado\2019.1\lib\win64.o\librdi_wavedata.dll
0x00007ffd0ffb0000 - 0x00007ffd0ffef000 	C:\Xilinx\Vivado\2019.1\lib\win64.o\librdi_schedmon.dll
0x00007ffc8f390000 - 0x00007ffc9051d000 	C:\Xilinx\Vivado\2019.1\lib\win64.o\librdi_route.dll
0x00007ffc8d3c0000 - 0x00007ffc8f38d000 	C:\Xilinx\Vivado\2019.1\lib\win64.o\librdi_synth.dll
0x00007ffce9df0000 - 0x00007ffce9e78000 	C:\Xilinx\Vivado\2019.1\lib\win64.o\librdi_meir_core.dll

VM Arguments:
jvm_args: -Dsun.java2d.pmoffscreen=false -Dsun.java2d.xrender=false -Dsun.java2d.d3d=false -Dsun.awt.nopixfmt=true -Dsun.java2d.dpiaware=true -Dsun.java2d.uiScale.enabled=false -Xverify:none -Dswing.aatext=true -XX:-UsePerfData -Djdk.map.althashing.threshold=512 -XX:StringTableSize=4072 --add-opens=java.base/java.nio=ALL-UNNAMED --add-opens=java.desktop/sun.swing=ALL-UNNAMED --add-opens=java.desktop/javax.swing=ALL-UNNAMED --add-opens=java.desktop/javax.swing.tree=ALL-UNNAMED --add-opens=java.desktop/javax.swing.plaf.basic=ALL-UNNAMED --add-opens=java.desktop/javax.swing.plaf.synth=ALL-UNNAMED --add-opens=java.desktop/com.sun.awt=ALL-UNNAMED -XX:NewSize=60m -XX:MaxNewSize=60m -Xms128m -Xmx3072m -Xss5m 
java_command: <unknown>
java_class_path (initial): C:/Xilinx/Vivado/2019.1\lib\classes\alloy.jar;C:/Xilinx/Vivado/2019.1\lib\classes\autopilot.scelaborator.jar;C:/Xilinx/Vivado/2019.1\lib\classes\autopilot.sourceprocessor.jar;C:/Xilinx/Vivado/2019.1\lib\classes\autopilot.tbprocessor.jar;C:/Xilinx/Vivado/2019.1\lib\classes\batik-anim.jar;C:/Xilinx/Vivado/2019.1\lib\classes\batik-awt-util.jar;C:/Xilinx/Vivado/2019.1\lib\classes\batik-bridge.jar;C:/Xilinx/Vivado/2019.1\lib\classes\batik-codec.jar;C:/Xilinx/Vivado/2019.1\lib\classes\batik-css.jar;C:/Xilinx/Vivado/2019.1\lib\classes\batik-dom.jar;C:/Xilinx/Vivado/2019.1\lib\classes\batik-ext.jar;C:/Xilinx/Vivado/2019.1\lib\classes\batik-gui-util.jar;C:/Xilinx/Vivado/2019.1\lib\classes\batik-gvt.jar;C:/Xilinx/Vivado/2019.1\lib\classes\batik-parser.jar;C:/Xilinx/Vivado/2019.1\lib\classes\batik-script.jar;C:/Xilinx/Vivado/2019.1\lib\classes\batik-svg-dom.jar;C:/Xilinx/Vivado/2019.1\lib\classes\batik-swing.jar;C:/Xilinx/Vivado/2019.1\lib\classes\batik-transcoder.jar;C:/Xilinx/Vivado/2019.1\lib\classes\batik-util.jar;C:/Xilinx/Vivado/2019.1\lib\classes\batik-xml.jar;C:/Xilinx/Vivado/2019.1\lib\classes\com.google.gson_2.7.0.v20170129-0911.jar;C:/Xilinx/Vivado/2019.1\lib\classes\com.google.guava_21.0.0.v20170206-1425.jar;C:/Xilinx/Vivado/2019.1\lib\classes\com.google.inject_3.0.0.v201605172100.jar;C:/Xilinx/Vivado/2019.1\lib\classes\com.ibm.icu_4.4.2.v20110208.jar;C:/Xilinx/Vivado/2019.1\lib\classes\com.sigasi.hdt.annotations.runtime_4.3.0.201903071210.jar;C:/Xilinx/Vivado/2019.1\lib\classes\com.sigasi.hdt.blockdiagram.model_4.3.0.201903071210.jar;C:/Xilinx/Vivado/2019.1\lib\classes\com.sigasi.hdt.connection_4.3.0.201903071210.jar;C:/Xilinx/Vivado/2019.1\lib\classes\com.sigasi.hdt.dependencies.model_4.3.0.201903071210.jar;C:/Xilinx/Vivado/2019.1\lib\classes\com.sigasi.hdt.epl_4.3.0.201903071210.jar;C:/Xilinx/Vivado/2019.1\lib\classes\com.sigasi.hdt.graphics.model_4.3.0.201903071210.jar;C:/Xilinx/Vivado/2019.1\lib\classes\com.sigasi.hdt.project_4.3.0
Launcher Type: generic

Logging:
Log output configuration:
#0: stdout all=warning uptime,level,tags
#1: stderr all=off uptime,level,tags

Environment Variables:
PATH=C:/Xilinx/Vivado/2019.1/bin;C:/Xilinx/Vivado/2019.1/lib/win64.o;C:/Xilinx/Vivado/2019.1/tps/win64/jre9.0.4/bin/server;C:/Xilinx/Vivado/2019.1/tps/win64/jre9.0.4/bin;C:/Xilinx/SDK/2019.1/bin;C:/Xilinx/Vivado/2019.1/ids_lite/ISE/bin/nt64;C:/Xilinx/Vivado/2019.1/ids_lite/ISE/lib/nt64;C:\WINDOWS\system32;C:\WINDOWS;C:\WINDOWS\System32\Wbem;C:\WINDOWS\System32\WindowsPowerShell\v1.0\;C:\WINDOWS\System32\OpenSSH\;C:\Users\Nicolas\AppData\Local\Programs\Python\Python313\Scripts\;C:\Users\Nicolas\AppData\Local\Programs\Python\Python313\;C:\Users\Nicolas\AppData\Local\Programs\Python\Launcher\;C:\Users\Nicolas\AppData\Local\Microsoft\WindowsApps;C:\Users\Nicolas\AppData\Local\Programs\Git\cmd;C:/Xilinx/Vivado/2019.1\tps\mingw\6.2.0\win64.o\nt\bin;C:/Xilinx/Vivado/2019.1\tps\mingw\6.2.0\win64.o\nt\libexec\gcc\x86_64-w64-mingw32\6.2.0;C:/Xilinx/Vivado/2019.1\tps\win64\python-2.7.5;C:/Xilinx/Vivado/2019.1\tps\win64\python-2.7.5\lib;C:/Xilinx/Vivado/2019.1\tps\win64\python-2.7.5\Lib\lib-tk;C:/Xilinx/Vivado/2019.1\tps\win64\python-2.7.5\lib\site-packages
USERNAME=Nicolas
OS=Windows_NT
PROCESSOR_IDENTIFIER=Intel64 Family 6 Model 122 Stepping 1, GenuineIntel



---------------  S Y S T E M  ---------------

OS: Windows 10 , 64 bit Build 26100 (10.0.26100.3323)

CPU:total 2 (initial active 2) (2 cores per cpu, 1 threads per core) family 6 model 122 stepping 1, cmov, cx8, fxsr, mmx, sse, sse2, sse3, ssse3, sse4.1, sse4.2, popcnt, aes, clmul, erms, 3dnowpref, tsc, tscinvbit, sha

Memory: 4k page, physical 3967180k(744324k free), swap 9397580k(1022604k free)

vm_info: Java HotSpot(TM) 64-Bit Server VM (9.0.4+11) for windows-amd64 JRE (9.0.4+11), built on Dec 20 2017 02:18:54 by "mach5one" with MS VC++ 12.0 (VS2013)

END.
