#-----------------------------------------------------------
# Vivado v2019.1 (64-bit)
# SW Build 2552052 on Fri May 24 14:49:42 MDT 2019
# IP Build 2548770 on Fri May 24 18:01:18 MDT 2019
# Start of session at: Tue Mar 25 16:06:17 2025
# Process ID: 3360
# Current directory: C:/ProgramsWorkspace/ENSEA/Projet_2A/fpga_arm/FPGA_ARM
# Command line: vivado.exe -gui_launcher_event rodinguilauncherevent12724 C:\ProgramsWorkspace\ENSEA\Projet_2A\fpga_arm\FPGA_ARM\FPGA_ARM.xpr
# Log file: C:/ProgramsWorkspace/ENSEA/Projet_2A/fpga_arm/FPGA_ARM/vivado.log
# Journal file: C:/ProgramsWorkspace/ENSEA/Projet_2A/fpga_arm/FPGA_ARM\vivado.jou
#-----------------------------------------------------------
start_gui
open_project C:/ProgramsWorkspace/ENSEA/Projet_2A/fpga_arm/FPGA_ARM/FPGA_ARM.xpr
CRITICAL WARNING: [Project 1-19] Could not find the file 'C:/ProgramsWorkspace/ENSEA/Projet_2A/fpga_arm/FPGA_ARM/FPGA_ARM.srcs/sources_1/new/CTRL7Segments.sv'.
CRITICAL WARNING: [Project 1-19] Could not find the file 'C:/ProgramsWorkspace/ENSEA/Projet_2A/fpga_arm/FPGA_ARM/FPGA_ARM.srcs/sources_1/new/Execute_tb.sv'.
CRITICAL WARNING: [Project 1-19] Could not find the file 'C:/ProgramsWorkspace/ENSEA/Projet_2A/fpga_arm/FPGA_ARM/FPGA_ARM.srcs/sources_1/new/CTRLuOP.sv'.
CRITICAL WARNING: [Project 1-19] Could not find the file 'C:/ProgramsWorkspace/ENSEA/Projet_2A/fpga_arm/FPGA_ARM/FPGA_ARM.srcs/sources_1/new/ALU_tb.sv'.
CRITICAL WARNING: [Project 1-19] Could not find the file 'C:/ProgramsWorkspace/ENSEA/Projet_2A/fpga_arm/FPGA_ARM/FPGA_ARM.srcs/sources_1/new/FrequencyDivider.sv'.
CRITICAL WARNING: [Project 1-19] Could not find the file 'C:/ProgramsWorkspace/ENSEA/Projet_2A/fpga_arm/FPGA_ARM/FPGA_ARM.srcs/sources_1/new/Decode_tb.sv'.
CRITICAL WARNING: [Project 1-19] Could not find the file 'C:/ProgramsWorkspace/ENSEA/Projet_2A/fpga_arm/FPGA_ARM/FPGA_ARM.srcs/sources_1/new/Decode_Execute_tb.sv'.
Scanning sources...
Finished scanning sources
INFO: [IP_Flow 19-234] Refreshing IP repositories
INFO: [IP_Flow 19-1704] No user IP repositories specified
INFO: [IP_Flow 19-2313] Loaded Vivado IP repository 'C:/Xilinx/Vivado/2019.1/data/ip'.
ERROR: [Vivado 12-106] *** Exception: java.lang.Exception: java.lang.ExceptionInInitializerError (See C:/ProgramsWorkspace/ENSEA/Projet_2A/fpga_arm/FPGA_ARM/vivado_pid3360.debug)
open_project: Time (s): cpu = 00:00:10 ; elapsed = 00:00:10 . Memory (MB): peak = 625.445 ; gain = 81.879
ERROR: [Common 17-39] 'open_project' failed due to earlier errors.
exit
INFO: [Common 17-206] Exiting Vivado at Tue Mar 25 16:07:37 2025...
