#-----------------------------------------------------------
# Vivado v2019.1 (64-bit)
# SW Build 2552052 on Fri May 24 14:49:42 MDT 2019
# IP Build 2548770 on Fri May 24 18:01:18 MDT 2019
# Start of session at: Sun Feb  9 09:22:42 2025
# Process ID: 8632
# Current directory: C:/ProgramsWorkspace/ENSEA/Projet_FGPA_ARM/FPGA_ARM
# Command line: vivado.exe -gui_launcher_event rodinguilauncherevent12100 C:\ProgramsWorkspace\ENSEA\Projet_FGPA_ARM\FPGA_ARM\FPGA_ARM.xpr
# Log file: C:/ProgramsWorkspace/ENSEA/Projet_FGPA_ARM/FPGA_ARM/vivado.log
# Journal file: C:/ProgramsWorkspace/ENSEA/Projet_FGPA_ARM/FPGA_ARM\vivado.jou
#-----------------------------------------------------------
start_gui
open_project C:/ProgramsWorkspace/ENSEA/Projet_FGPA_ARM/FPGA_ARM/FPGA_ARM.xpr
Scanning sources...
Finished scanning sources
INFO: [IP_Flow 19-234] Refreshing IP repositories
INFO: [IP_Flow 19-1704] No user IP repositories specified
INFO: [IP_Flow 19-2313] Loaded Vivado IP repository 'C:/Xilinx/Vivado/2019.1/data/ip'.
open_project: Time (s): cpu = 00:00:18 ; elapsed = 00:00:14 . Memory (MB): peak = 632.570 ; gain = 84.516
update_compile_order -fileset sources_1
set_property is_enabled false [get_files  C:/ProgramsWorkspace/ENSEA/Projet_FGPA_ARM/FPGA_ARM/FPGA_ARM.srcs/sources_1/new/Disp1Digit.v]
reset_run synth_1
launch_runs impl_1 -to_step write_bitstream
[Sun Feb  9 09:27:45 2025] Launched synth_1...
Run output will be captured here: C:/ProgramsWorkspace/ENSEA/Projet_FGPA_ARM/FPGA_ARM/FPGA_ARM.runs/synth_1/runme.log
[Sun Feb  9 09:27:45 2025] Launched impl_1...
Run output will be captured here: C:/ProgramsWorkspace/ENSEA/Projet_FGPA_ARM/FPGA_ARM/FPGA_ARM.runs/impl_1/runme.log
open_hw
connect_hw_server
INFO: [Labtools 27-2285] Connecting to hw_server url TCP:localhost:3121
INFO: [Labtools 27-2222] Launching hw_server...
INFO: [Labtools 27-2221] Launch Output:

****** Xilinx hw_server v2019.1
  **** Build date : May 24 2019 at 15:13:31
    ** Copyright 1986-2019 Xilinx, Inc. All Rights Reserved.


connect_hw_server: Time (s): cpu = 00:00:01 ; elapsed = 00:00:05 . Memory (MB): peak = 714.426 ; gain = 4.836
open_hw_target
INFO: [Labtoolstcl 44-466] Opening hw_target localhost:3121/xilinx_tcf/Digilent/210183A4D897A
open_hw_target: Time (s): cpu = 00:00:09 ; elapsed = 00:00:10 . Memory (MB): peak = 1841.984 ; gain = 1127.559
set_property PROGRAM.FILE {C:/ProgramsWorkspace/ENSEA/Projet_FGPA_ARM/FPGA_ARM/FPGA_ARM.runs/impl_1/TestBench.bit} [get_hw_devices xc7a35t_0]
current_hw_device [get_hw_devices xc7a35t_0]
refresh_hw_device -update_hw_probes false [lindex [get_hw_devices xc7a35t_0] 0]
INFO: [Labtools 27-1434] Device xc7a35t (JTAG device index = 0) is programmed with a design that has no supported debug core(s) in it.
set_property PROBES.FILE {} [get_hw_devices xc7a35t_0]
set_property FULL_PROBES.FILE {} [get_hw_devices xc7a35t_0]
set_property PROGRAM.FILE {C:/ProgramsWorkspace/ENSEA/Projet_FGPA_ARM/FPGA_ARM/FPGA_ARM.runs/impl_1/TestBench.bit} [get_hw_devices xc7a35t_0]
program_hw_devices [get_hw_devices xc7a35t_0]
INFO: [Labtools 27-3164] End of startup status: HIGH
refresh_hw_device [lindex [get_hw_devices xc7a35t_0] 0]
INFO: [Labtools 27-1434] Device xc7a35t (JTAG device index = 0) is programmed with a design that has no supported debug core(s) in it.
reset_run synth_1
launch_runs impl_1 -to_step write_bitstream
[Sun Feb  9 09:34:15 2025] Launched synth_1...
Run output will be captured here: C:/ProgramsWorkspace/ENSEA/Projet_FGPA_ARM/FPGA_ARM/FPGA_ARM.runs/synth_1/runme.log
[Sun Feb  9 09:34:15 2025] Launched impl_1...
Run output will be captured here: C:/ProgramsWorkspace/ENSEA/Projet_FGPA_ARM/FPGA_ARM/FPGA_ARM.runs/impl_1/runme.log
set_property PROBES.FILE {} [get_hw_devices xc7a35t_0]
set_property FULL_PROBES.FILE {} [get_hw_devices xc7a35t_0]
set_property PROGRAM.FILE {C:/ProgramsWorkspace/ENSEA/Projet_FGPA_ARM/FPGA_ARM/FPGA_ARM.runs/impl_1/TestBench.bit} [get_hw_devices xc7a35t_0]
program_hw_devices [get_hw_devices xc7a35t_0]
INFO: [Labtools 27-3164] End of startup status: HIGH
refresh_hw_device [lindex [get_hw_devices xc7a35t_0] 0]
INFO: [Labtools 27-1434] Device xc7a35t (JTAG device index = 0) is programmed with a design that has no supported debug core(s) in it.
reset_run synth_1
launch_runs impl_1 -to_step write_bitstream
[Sun Feb  9 09:40:03 2025] Launched synth_1...
Run output will be captured here: C:/ProgramsWorkspace/ENSEA/Projet_FGPA_ARM/FPGA_ARM/FPGA_ARM.runs/synth_1/runme.log
[Sun Feb  9 09:40:03 2025] Launched impl_1...
Run output will be captured here: C:/ProgramsWorkspace/ENSEA/Projet_FGPA_ARM/FPGA_ARM/FPGA_ARM.runs/impl_1/runme.log
set_property PROBES.FILE {} [get_hw_devices xc7a35t_0]
set_property FULL_PROBES.FILE {} [get_hw_devices xc7a35t_0]
set_property PROGRAM.FILE {C:/ProgramsWorkspace/ENSEA/Projet_FGPA_ARM/FPGA_ARM/FPGA_ARM.runs/impl_1/TestBench.bit} [get_hw_devices xc7a35t_0]
program_hw_devices [get_hw_devices xc7a35t_0]
INFO: [Labtools 27-3164] End of startup status: HIGH
refresh_hw_device [lindex [get_hw_devices xc7a35t_0] 0]
INFO: [Labtools 27-1434] Device xc7a35t (JTAG device index = 0) is programmed with a design that has no supported debug core(s) in it.
reset_run synth_1
launch_runs impl_1 -to_step write_bitstream
[Sun Feb  9 09:50:19 2025] Launched synth_1...
Run output will be captured here: C:/ProgramsWorkspace/ENSEA/Projet_FGPA_ARM/FPGA_ARM/FPGA_ARM.runs/synth_1/runme.log
[Sun Feb  9 09:50:19 2025] Launched impl_1...
Run output will be captured here: C:/ProgramsWorkspace/ENSEA/Projet_FGPA_ARM/FPGA_ARM/FPGA_ARM.runs/impl_1/runme.log
ERROR: [Labtoolstcl 44-513] HW Target shutdown. Closing target: localhost:3121/xilinx_tcf/Digilent/210183A4D897A
exit
INFO: [Common 17-206] Exiting Vivado at Sun Feb  9 09:55:22 2025...
